This is pdfTeX, Version 3.141592653-2.6-1.40.24 (TeX Live 2022) (preloaded format=pdflatex 2022.10.3)  11 OCT 2022 20:00
entering extended mode
 restricted \write18 enabled.
 %&-line parsing enabled.
**Chapter7.tex
(./Chapter7.tex
LaTeX2e <2022-06-01> patch level 5
L3 programming layer <2022-09-28> (c:/Users/hayde/AppData/Roaming/TinyTeX/texmf-dist/tex/latex/base/article.cls
Document Class: article 2021/10/04 v1.4n Standard LaTeX document class
(c:/Users/hayde/AppData/Roaming/TinyTeX/texmf-dist/tex/latex/base/size10.clo
File: size10.clo 2021/10/04 v1.4n Standard LaTeX file (size option)
)
\c@part=\count185
\c@section=\count186
\c@subsection=\count187
\c@subsubsection=\count188
\c@paragraph=\count189
\c@subparagraph=\count190
\c@figure=\count191
\c@table=\count192
\abovecaptionskip=\skip47
\belowcaptionskip=\skip48
\bibindent=\dimen138
) (c:/Users/hayde/AppData/Roaming/TinyTeX/texmf-dist/tex/latex/amsmath/amsmath.sty
Package: amsmath 2022/04/08 v2.17n AMS math features
\@mathmargin=\skip49
For additional information on amsmath, use the `?' option.
(c:/Users/hayde/AppData/Roaming/TinyTeX/texmf-dist/tex/latex/amsmath/amstext.sty
Package: amstext 2021/08/26 v2.01 AMS text
(c:/Users/hayde/AppData/Roaming/TinyTeX/texmf-dist/tex/latex/amsmath/amsgen.sty
File: amsgen.sty 1999/11/30 v2.0 generic functions
\@emptytoks=\toks16
\ex@=\dimen139
)) (c:/Users/hayde/AppData/Roaming/TinyTeX/texmf-dist/tex/latex/amsmath/amsbsy.sty
Package: amsbsy 1999/11/29 v1.2d Bold Symbols
\pmbraise@=\dimen140
) (c:/Users/hayde/AppData/Roaming/TinyTeX/texmf-dist/tex/latex/amsmath/amsopn.sty
Package: amsopn 2022/04/08 v2.04 operator names
)
\inf@bad=\count193
LaTeX Info: Redefining \frac on input line 234.
\uproot@=\count194
\leftroot@=\count195
LaTeX Info: Redefining \overline on input line 399.
LaTeX Info: Redefining \colon on input line 410.
\classnum@=\count196
\DOTSCASE@=\count197
LaTeX Info: Redefining \ldots on input line 496.
LaTeX Info: Redefining \dots on input line 499.
LaTeX Info: Redefining \cdots on input line 620.
\Mathstrutbox@=\box51
\strutbox@=\box52
LaTeX Info: Redefining \big on input line 722.
LaTeX Info: Redefining \Big on input line 723.
LaTeX Info: Redefining \bigg on input line 724.
LaTeX Info: Redefining \Bigg on input line 725.
\big@size=\dimen141
LaTeX Font Info:    Redeclaring font encoding OML on input line 743.
LaTeX Font Info:    Redeclaring font encoding OMS on input line 744.
\macc@depth=\count198
LaTeX Info: Redefining \bmod on input line 905.
LaTeX Info: Redefining \pmod on input line 910.
LaTeX Info: Redefining \smash on input line 940.
LaTeX Info: Redefining \relbar on input line 970.
LaTeX Info: Redefining \Relbar on input line 971.
\c@MaxMatrixCols=\count199
\dotsspace@=\muskip16
\c@parentequation=\count266
\dspbrk@lvl=\count267
\tag@help=\toks17
\row@=\count268
\column@=\count269
\maxfields@=\count270
\andhelp@=\toks18
\eqnshift@=\dimen142
\alignsep@=\dimen143
\tagshift@=\dimen144
\tagwidth@=\dimen145
\totwidth@=\dimen146
\lineht@=\dimen147
\@envbody=\toks19
\multlinegap=\skip50
\multlinetaggap=\skip51
\mathdisplay@stack=\toks20
LaTeX Info: Redefining \[ on input line 2953.
LaTeX Info: Redefining \] on input line 2954.
) (c:/Users/hayde/AppData/Roaming/TinyTeX/texmf-dist/tex/latex/amsfonts/amssymb.sty
Package: amssymb 2013/01/14 v3.01 AMS font symbols
(c:/Users/hayde/AppData/Roaming/TinyTeX/texmf-dist/tex/latex/amsfonts/amsfonts.sty
Package: amsfonts 2013/01/14 v3.01 Basic AMSFonts support
\symAMSa=\mathgroup4
\symAMSb=\mathgroup5
LaTeX Font Info:    Redeclaring math symbol \hbar on input line 98.
LaTeX Font Info:    Overwriting math alphabet `\mathfrak' in version `bold'
(Font)                  U/euf/m/n --> U/euf/b/n on input line 106.
)) (c:/Users/hayde/AppData/Roaming/TinyTeX/texmf-dist/tex/latex/lm/lmodern.sty
Package: lmodern 2015/05/01 v1.6.1 Latin Modern Fonts
LaTeX Font Info:    Overwriting symbol font `operators' in version `normal'
(Font)                  OT1/cmr/m/n --> OT1/lmr/m/n on input line 22.
LaTeX Font Info:    Overwriting symbol font `letters' in version `normal'
(Font)                  OML/cmm/m/it --> OML/lmm/m/it on input line 23.
LaTeX Font Info:    Overwriting symbol font `symbols' in version `normal'
(Font)                  OMS/cmsy/m/n --> OMS/lmsy/m/n on input line 24.
LaTeX Font Info:    Overwriting symbol font `largesymbols' in version `normal'
(Font)                  OMX/cmex/m/n --> OMX/lmex/m/n on input line 25.
LaTeX Font Info:    Overwriting symbol font `operators' in version `bold'
(Font)                  OT1/cmr/bx/n --> OT1/lmr/bx/n on input line 26.
LaTeX Font Info:    Overwriting symbol font `letters' in version `bold'
(Font)                  OML/cmm/b/it --> OML/lmm/b/it on input line 27.
LaTeX Font Info:    Overwriting symbol font `symbols' in version `bold'
(Font)                  OMS/cmsy/b/n --> OMS/lmsy/b/n on input line 28.
LaTeX Font Info:    Overwriting symbol font `largesymbols' in version `bold'
(Font)                  OMX/cmex/m/n --> OMX/lmex/m/n on input line 29.
LaTeX Font Info:    Overwriting math alphabet `\mathbf' in version `normal'
(Font)                  OT1/cmr/bx/n --> OT1/lmr/bx/n on input line 31.
LaTeX Font Info:    Overwriting math alphabet `\mathsf' in version `normal'
(Font)                  OT1/cmss/m/n --> OT1/lmss/m/n on input line 32.
LaTeX Font Info:    Overwriting math alphabet `\mathit' in version `normal'
(Font)                  OT1/cmr/m/it --> OT1/lmr/m/it on input line 33.
LaTeX Font Info:    Overwriting math alphabet `\mathtt' in version `normal'
(Font)                  OT1/cmtt/m/n --> OT1/lmtt/m/n on input line 34.
LaTeX Font Info:    Overwriting math alphabet `\mathbf' in version `bold'
(Font)                  OT1/cmr/bx/n --> OT1/lmr/bx/n on input line 35.
LaTeX Font Info:    Overwriting math alphabet `\mathsf' in version `bold'
(Font)                  OT1/cmss/bx/n --> OT1/lmss/bx/n on input line 36.
LaTeX Font Info:    Overwriting math alphabet `\mathit' in version `bold'
(Font)                  OT1/cmr/bx/it --> OT1/lmr/bx/it on input line 37.
LaTeX Font Info:    Overwriting math alphabet `\mathtt' in version `bold'
(Font)                  OT1/cmtt/m/n --> OT1/lmtt/m/n on input line 38.
) (c:/Users/hayde/AppData/Roaming/TinyTeX/texmf-dist/tex/generic/iftex/iftex.sty
Package: iftex 2022/02/03 v1.0f TeX engine tests
) (c:/Users/hayde/AppData/Roaming/TinyTeX/texmf-dist/tex/latex/base/fontenc.sty
Package: fontenc 2021/04/29 v2.0v Standard LaTeX package
LaTeX Font Info:    Trying to load font information for T1+lmr on input line 112.
(c:/Users/hayde/AppData/Roaming/TinyTeX/texmf-dist/tex/latex/lm/t1lmr.fd
File: t1lmr.fd 2015/05/01 v1.6.1 Font defs for Latin Modern
)) (c:/Users/hayde/AppData/Roaming/TinyTeX/texmf-dist/tex/latex/base/inputenc.sty
Package: inputenc 2021/02/14 v1.3d Input encoding file
\inpenc@prehook=\toks21
\inpenc@posthook=\toks22
) (c:/Users/hayde/AppData/Roaming/TinyTeX/texmf-dist/tex/latex/base/textcomp.sty
Package: textcomp 2020/02/02 v2.0n Standard LaTeX package
) (c:/Users/hayde/AppData/Roaming/TinyTeX/texmf-dist/tex/latex/xcolor/xcolor.sty
Package: xcolor 2022/06/12 v2.14 LaTeX color extensions (UK)
(c:/Users/hayde/AppData/Roaming/TinyTeX/texmf-dist/tex/latex/graphics-cfg/color.cfg
File: color.cfg 2016/01/02 v1.6 sample color configuration
)
Package xcolor Info: Driver file: pdftex.def on input line 227.
(c:/Users/hayde/AppData/Roaming/TinyTeX/texmf-dist/tex/latex/graphics-def/pdftex.def
File: pdftex.def 2022/09/22 v1.2b Graphics/color driver for pdftex
\stockwidth=\dimen148
\stockheight=\dimen149
) (c:/Users/hayde/AppData/Roaming/TinyTeX/texmf-dist/tex/latex/graphics/mathcolor.ltx)
Package xcolor Info: Model `cmy' substituted by `cmy0' on input line 1353.
Package xcolor Info: Model `hsb' substituted by `rgb' on input line 1357.
Package xcolor Info: Model `RGB' extended on input line 1369.
Package xcolor Info: Model `HTML' substituted by `rgb' on input line 1371.
Package xcolor Info: Model `Hsb' substituted by `hsb' on input line 1372.
Package xcolor Info: Model `tHsb' substituted by `hsb' on input line 1373.
Package xcolor Info: Model `HSB' substituted by `hsb' on input line 1374.
Package xcolor Info: Model `Gray' substituted by `gray' on input line 1375.
Package xcolor Info: Model `wave' substituted by `hsb' on input line 1376.
) (c:/Users/hayde/AppData/Roaming/TinyTeX/texmf-dist/tex/latex/geometry/geometry.sty
Package: geometry 2020/01/02 v5.9 Page Geometry
(c:/Users/hayde/AppData/Roaming/TinyTeX/texmf-dist/tex/latex/graphics/keyval.sty
Package: keyval 2022/05/29 v1.15 key=value parser (DPC)
\KV@toks@=\toks23
) (c:/Users/hayde/AppData/Roaming/TinyTeX/texmf-dist/tex/generic/iftex/ifvtex.sty
Package: ifvtex 2019/10/25 v1.7 ifvtex legacy package. Use iftex instead.
)
\Gm@cnth=\count271
\Gm@cntv=\count272
\c@Gm@tempcnt=\count273
\Gm@bindingoffset=\dimen150
\Gm@wd@mp=\dimen151
\Gm@odd@mp=\dimen152
\Gm@even@mp=\dimen153
\Gm@layoutwidth=\dimen154
\Gm@layoutheight=\dimen155
\Gm@layouthoffset=\dimen156
\Gm@layoutvoffset=\dimen157
\Gm@dimlist=\toks24
) (c:/Users/hayde/AppData/Roaming/TinyTeX/texmf-dist/tex/latex/fancyvrb/fancyvrb.sty
Package: fancyvrb 2022/06/06 4.5 verbatim text (tvz,hv)
\FV@CodeLineNo=\count274
\FV@InFile=\read2
\FV@TabBox=\box53
\c@FancyVerbLine=\count275
\FV@StepNumber=\count276
\FV@OutFile=\write3
) (c:/Users/hayde/AppData/Roaming/TinyTeX/texmf-dist/tex/latex/framed/framed.sty
Package: framed 2011/10/22 v 0.96: framed or shaded text with page breaks
\OuterFrameSep=\skip52
\fb@frw=\dimen158
\fb@frh=\dimen159
\FrameRule=\dimen160
\FrameSep=\dimen161
) (c:/Users/hayde/AppData/Roaming/TinyTeX/texmf-dist/tex/latex/graphics/graphicx.sty
Package: graphicx 2021/09/16 v1.2d Enhanced LaTeX Graphics (DPC,SPQR)
(c:/Users/hayde/AppData/Roaming/TinyTeX/texmf-dist/tex/latex/graphics/graphics.sty
Package: graphics 2022/03/10 v1.4e Standard LaTeX Graphics (DPC,SPQR)
(c:/Users/hayde/AppData/Roaming/TinyTeX/texmf-dist/tex/latex/graphics/trig.sty
Package: trig 2021/08/11 v1.11 sin cos tan (DPC)
) (c:/Users/hayde/AppData/Roaming/TinyTeX/texmf-dist/tex/latex/graphics-cfg/graphics.cfg
File: graphics.cfg 2016/06/04 v1.11 sample graphics configuration
)
Package graphics Info: Driver file: pdftex.def on input line 107.
)
\Gin@req@height=\dimen162
\Gin@req@width=\dimen163
) (c:/Users/hayde/AppData/Roaming/TinyTeX/texmf-dist/tex/latex/mathtools/mathtools.sty
Package: mathtools 2022/06/29 v1.29 mathematical typesetting tools
(c:/Users/hayde/AppData/Roaming/TinyTeX/texmf-dist/tex/latex/tools/calc.sty
Package: calc 2017/05/25 v4.3 Infix arithmetic (KKT,FJ)
\calc@Acount=\count277
\calc@Bcount=\count278
\calc@Adimen=\dimen164
\calc@Bdimen=\dimen165
\calc@Askip=\skip53
\calc@Bskip=\skip54
LaTeX Info: Redefining \setlength on input line 80.
LaTeX Info: Redefining \addtolength on input line 81.
\calc@Ccount=\count279
\calc@Cskip=\skip55
) (c:/Users/hayde/AppData/Roaming/TinyTeX/texmf-dist/tex/latex/mathtools/mhsetup.sty
Package: mhsetup 2021/03/18 v1.4 programming setup (MH)
)
\g_MT_multlinerow_int=\count280
\l_MT_multwidth_dim=\dimen166
\origjot=\skip56
\l_MT_shortvdotswithinadjustabove_dim=\dimen167
\l_MT_shortvdotswithinadjustbelow_dim=\dimen168
\l_MT_above_intertext_sep=\dimen169
\l_MT_below_intertext_sep=\dimen170
\l_MT_above_shortintertext_sep=\dimen171
\l_MT_below_shortintertext_sep=\dimen172
\xmathstrut@box=\box54
\xmathstrut@dim=\dimen173
) (c:/Users/hayde/AppData/Roaming/TinyTeX/texmf-dist/tex/latex/amscls/amsthm.sty
Package: amsthm 2020/05/29 v2.20.6
\thm@style=\toks25
\thm@bodyfont=\toks26
\thm@headfont=\toks27
\thm@notefont=\toks28
\thm@headpunct=\toks29
\thm@preskip=\skip57
\thm@postskip=\skip58
\thm@headsep=\skip59
\dth@everypar=\toks30
) (c:/Users/hayde/AppData/Roaming/TinyTeX/texmf-dist/tex/latex/amsfonts/eufrak.sty

Package eufrak Warning: The eufrak package is redundant if the amsfonts package is used on input line 36.

) (c:/Users/hayde/AppData/Roaming/TinyTeX/texmf-dist/tex/latex/jknapltx/mathrsfs.sty
Package: mathrsfs 1996/01/01 Math RSFS package v1.0 (jk)
\symrsfs=\mathgroup6
) (c:/Users/hayde/AppData/Roaming/TinyTeX/texmf-dist/tex/generic/babel/babel.sty
Package: babel 2022/09/17 3.80 The Babel package
\babel@savecnt=\count281
\U@D=\dimen174
\l@unhyphenated=\language4
(c:/Users/hayde/AppData/Roaming/TinyTeX/texmf-dist/tex/generic/babel/txtbabel.def)
\bbl@readstream=\read3
\bbl@dirlevel=\count282
(c:/Users/hayde/AppData/Roaming/TinyTeX/texmf-dist/tex/generic/babel-spanish/spanish.ldf
Language: spanish.ldf 2021/05/27 v5.0q Spanish support from the babel system
\es@quottoks=\toks31
\es@quotdepth=\count283
Package babel Info: Making " an active character on input line 570.
Package babel Info: Making . an active character on input line 675.
Package babel Info: Making < an active character on input line 722.
Package babel Info: Making > an active character on input line 722.
)) (c:/Users/hayde/AppData/Roaming/TinyTeX/texmf-dist/tex/generic/babel/locale/es/babel-spanish.tex
Package babel Info: Importing font and identification data for spanish
(babel)             from babel-es.ini. Reported on input line 11.
) (c:/Users/hayde/AppData/Roaming/TinyTeX/texmf-dist/tex/latex/fancyhdr/fancyhdr.sty
Package: fancyhdr 2022/05/18 v4.0.3 Extensive control of page headers and footers
\f@nch@headwidth=\skip60
\f@nch@O@elh=\skip61
\f@nch@O@erh=\skip62
\f@nch@O@olh=\skip63
\f@nch@O@orh=\skip64
\f@nch@O@elf=\skip65
\f@nch@O@erf=\skip66
\f@nch@O@olf=\skip67
\f@nch@O@orf=\skip68
) (c:/Users/hayde/AppData/Roaming/TinyTeX/texmf-dist/tex/latex/tools/array.sty
Package: array 2022/03/10 v2.5f Tabular extension package (FMi)
\col@sep=\dimen175
\ar@mcellbox=\box55
\extrarowheight=\dimen176
\NC@list=\toks32
\extratabsurround=\skip69
\backup@length=\skip70
\ar@cellbox=\box56
) (c:/Users/hayde/AppData/Roaming/TinyTeX/texmf-dist/tex/latex/subfigure/subfigure.sty
Package: subfigure 2002/03/15 v2.1.5 subfigure package
\subfigtopskip=\skip71
\subfigcapskip=\skip72
\subfigcaptopadj=\dimen177
\subfigbottomskip=\skip73
\subfigcapmargin=\dimen178
\subfiglabelskip=\skip74
\c@subfigure=\count284
\c@lofdepth=\count285
\c@subtable=\count286
\c@lotdepth=\count287
****************************************
* Local config file subfigure.cfg used *
****************************************
(c:/Users/hayde/AppData/Roaming/TinyTeX/texmf-dist/tex/latex/subfigure/subfigure.cfg)
\subfig@top=\skip75
\subfig@bottom=\skip76
) (c:/Users/hayde/AppData/Roaming/TinyTeX/texmf-dist/tex/latex/float/float.sty
Package: float 2001/11/08 v1.3d Float enhancements (AL)
\c@float@type=\count288
\float@exts=\toks33
\float@box=\box57
\@float@everytoks=\toks34
\@floatcapt=\box58
) (c:/Users/hayde/AppData/Roaming/TinyTeX/texmf-dist/tex/latex/booktabs/booktabs.sty
Package: booktabs 2020/01/12 v1.61803398 Publication quality tables
\heavyrulewidth=\dimen179
\lightrulewidth=\dimen180
\cmidrulewidth=\dimen181
\belowrulesep=\dimen182
\belowbottomsep=\dimen183
\aboverulesep=\dimen184
\abovetopsep=\dimen185
\cmidrulesep=\dimen186
\cmidrulekern=\dimen187
\defaultaddspace=\dimen188
\@cmidla=\count289
\@cmidlb=\count290
\@aboverulesep=\dimen189
\@belowrulesep=\dimen190
\@thisruleclass=\count291
\@lastruleclass=\count292
\@thisrulewidth=\dimen191
) (c:/Users/hayde/AppData/Roaming/TinyTeX/texmf-dist/tex/latex/tools/longtable.sty
Package: longtable 2021-09-01 v4.17 Multi-page Table package (DPC)
\LTleft=\skip77
\LTright=\skip78
\LTpre=\skip79
\LTpost=\skip80
\LTchunksize=\count293
\LTcapwidth=\dimen192
\LT@head=\box59
\LT@firsthead=\box60
\LT@foot=\box61
\LT@lastfoot=\box62
\LT@gbox=\box63
\LT@cols=\count294
\LT@rows=\count295
\c@LT@tables=\count296
\c@LT@chunks=\count297
\LT@p@ftn=\toks35
) (c:/Users/hayde/AppData/Roaming/TinyTeX/texmf-dist/tex/latex/multirow/multirow.sty
Package: multirow 2021/03/15 v2.8 Span multiple rows of a table
\multirow@colwidth=\skip81
\multirow@cntb=\count298
\multirow@dima=\skip82
\bigstrutjot=\dimen193
) (c:/Users/hayde/AppData/Roaming/TinyTeX/texmf-dist/tex/latex/wrapfig/wrapfig.sty
\wrapoverhang=\dimen194
\WF@size=\dimen195
\c@WF@wrappedlines=\count299
\WF@box=\box64
\WF@everypar=\toks36
Package: wrapfig 2003/01/31  v 3.6
) (c:/Users/hayde/AppData/Roaming/TinyTeX/texmf-dist/tex/latex/colortbl/colortbl.sty
Package: colortbl 2022/06/20 v1.0f Color table columns (DPC)
\everycr=\toks37
\minrowclearance=\skip83
\rownum=\count300
) (c:/Users/hayde/AppData/Roaming/TinyTeX/texmf-dist/tex/latex/pdflscape/pdflscape.sty
Package: pdflscape 2019/12/05 v0.12 Display of landscape pages in PDF (HO)
(c:/Users/hayde/AppData/Roaming/TinyTeX/texmf-dist/tex/latex/graphics/lscape.sty
Package: lscape 2020/05/28 v3.02 Landscape Pages (DPC)
)
Package pdflscape Info: Auto-detected driver: pdftex on input line 81.
) (c:/Users/hayde/AppData/Roaming/TinyTeX/texmf-dist/tex/latex/tabu/tabu.sty
Package: tabu 2019/01/11 v2.9 - flexible LaTeX tabulars (FC+tabu-fixed)
(c:/Users/hayde/AppData/Roaming/TinyTeX/texmf-dist/tex/latex/varwidth/varwidth.sty
Package: varwidth 2009/03/30 ver 0.92;  Variable-width minipages
\@vwid@box=\box65
\sift@deathcycles=\count301
\@vwid@loff=\dimen196
\@vwid@roff=\dimen197
)
\c@taburow=\count302
\tabu@nbcols=\count303
\tabu@cnt=\count304
\tabu@Xcol=\count305
\tabu@alloc=\count306
\tabu@nested=\count307
\tabu@target=\dimen198
\tabu@spreadtarget=\dimen199
\tabu@naturalX=\dimen256
\tabucolX=\dimen257
\tabu@Xsum=\dimen258
\extrarowdepth=\dimen259
\abovetabulinesep=\dimen260
\belowtabulinesep=\dimen261
\tabustrutrule=\dimen262
\tabu@thebody=\toks38
\tabu@footnotes=\toks39
\tabu@box=\box66
\tabu@arstrutbox=\box67
\tabu@hleads=\box68
\tabu@vleads=\box69
\tabu@cellskip=\skip84
) (c:/Users/hayde/AppData/Roaming/TinyTeX/texmf-dist/tex/latex/threeparttable/threeparttable.sty
Package: threeparttable 2003/06/13  v 3.0
\@tempboxb=\box70
) (c:/Users/hayde/AppData/Roaming/TinyTeX/texmf-dist/tex/latex/threeparttablex/threeparttablex.sty
Package: threeparttablex 2013/07/23 v0.3 by daleif
(c:/Users/hayde/AppData/Roaming/TinyTeX/texmf-dist/tex/latex/environ/environ.sty
Package: environ 2014/05/04 v0.3 A new way to define environments
(c:/Users/hayde/AppData/Roaming/TinyTeX/texmf-dist/tex/latex/trimspaces/trimspaces.sty
Package: trimspaces 2009/09/17 v1.1 Trim spaces around a token list
))
\TPTL@width=\skip85
) (c:/Users/hayde/AppData/Roaming/TinyTeX/texmf-dist/tex/generic/ulem/ulem.sty
\UL@box=\box71
\UL@hyphenbox=\box72
\UL@skip=\skip86
\UL@hook=\toks40
\UL@height=\dimen263
\UL@pe=\count308
\UL@pixel=\dimen264
\ULC@box=\box73
Package: ulem 2019/11/18
\ULdepth=\dimen265
) (c:/Users/hayde/AppData/Roaming/TinyTeX/texmf-dist/tex/latex/makecell/makecell.sty
Package: makecell 2009/08/03 V0.1e Managing of Tab Column Heads and Cells
\rotheadsize=\dimen266
\c@nlinenum=\count309
\TeXr@lab=\toks41
)
\c@teorema=\count310
\c@definicion=\count311
\c@nota=\count312
(c:/Users/hayde/AppData/Roaming/TinyTeX/texmf-dist/tex/latex/hyperref/hyperref.sty
Package: hyperref 2022-09-22 v7.00t Hypertext links for LaTeX
(c:/Users/hayde/AppData/Roaming/TinyTeX/texmf-dist/tex/generic/ltxcmds/ltxcmds.sty
Package: ltxcmds 2020-05-10 v1.25 LaTeX kernel commands for general use (HO)
) (c:/Users/hayde/AppData/Roaming/TinyTeX/texmf-dist/tex/generic/pdftexcmds/pdftexcmds.sty
Package: pdftexcmds 2020-06-27 v0.33 Utility functions of pdfTeX for LuaTeX (HO)
(c:/Users/hayde/AppData/Roaming/TinyTeX/texmf-dist/tex/generic/infwarerr/infwarerr.sty
Package: infwarerr 2019/12/03 v1.5 Providing info/warning/error messages (HO)
)
Package pdftexcmds Info: \pdf@primitive is available.
Package pdftexcmds Info: \pdf@ifprimitive is available.
Package pdftexcmds Info: \pdfdraftmode found.
) (c:/Users/hayde/AppData/Roaming/TinyTeX/texmf-dist/tex/generic/kvsetkeys/kvsetkeys.sty
Package: kvsetkeys 2019/12/15 v1.18 Key value parser (HO)
) (c:/Users/hayde/AppData/Roaming/TinyTeX/texmf-dist/tex/generic/kvdefinekeys/kvdefinekeys.sty
Package: kvdefinekeys 2019-12-19 v1.6 Define keys (HO)
) (c:/Users/hayde/AppData/Roaming/TinyTeX/texmf-dist/tex/generic/pdfescape/pdfescape.sty
Package: pdfescape 2019/12/09 v1.15 Implements pdfTeX's escape features (HO)
) (c:/Users/hayde/AppData/Roaming/TinyTeX/texmf-dist/tex/latex/hycolor/hycolor.sty
Package: hycolor 2020-01-27 v1.10 Color options for hyperref/bookmark (HO)
) (c:/Users/hayde/AppData/Roaming/TinyTeX/texmf-dist/tex/latex/letltxmacro/letltxmacro.sty
Package: letltxmacro 2019/12/03 v1.6 Let assignment for LaTeX macros (HO)
) (c:/Users/hayde/AppData/Roaming/TinyTeX/texmf-dist/tex/latex/auxhook/auxhook.sty
Package: auxhook 2019-12-17 v1.6 Hooks for auxiliary files (HO)
) (c:/Users/hayde/AppData/Roaming/TinyTeX/texmf-dist/tex/latex/hyperref/nameref.sty
Package: nameref 2022-05-17 v2.50 Cross-referencing by name of section
(c:/Users/hayde/AppData/Roaming/TinyTeX/texmf-dist/tex/latex/refcount/refcount.sty
Package: refcount 2019/12/15 v3.6 Data extraction from label references (HO)
) (c:/Users/hayde/AppData/Roaming/TinyTeX/texmf-dist/tex/generic/gettitlestring/gettitlestring.sty
Package: gettitlestring 2019/12/15 v1.6 Cleanup title references (HO)
(c:/Users/hayde/AppData/Roaming/TinyTeX/texmf-dist/tex/latex/kvoptions/kvoptions.sty
Package: kvoptions 2022-06-15 v3.15 Key value format for package options (HO)
))
\c@section@level=\count313
)
\@linkdim=\dimen267
\Hy@linkcounter=\count314
\Hy@pagecounter=\count315
(c:/Users/hayde/AppData/Roaming/TinyTeX/texmf-dist/tex/latex/hyperref/pd1enc.def
File: pd1enc.def 2022-09-22 v7.00t Hyperref: PDFDocEncoding definition (HO)
Now handling font encoding PD1 ...
... no UTF-8 mapping file for font encoding PD1
) (c:/Users/hayde/AppData/Roaming/TinyTeX/texmf-dist/tex/generic/intcalc/intcalc.sty
Package: intcalc 2019/12/15 v1.3 Expandable calculations with integers (HO)
) (c:/Users/hayde/AppData/Roaming/TinyTeX/texmf-dist/tex/generic/etexcmds/etexcmds.sty
Package: etexcmds 2019/12/15 v1.7 Avoid name clashes with e-TeX commands (HO)
)
\Hy@SavedSpaceFactor=\count316
(c:/Users/hayde/AppData/Roaming/TinyTeX/texmf-dist/tex/latex/hyperref/puenc.def
File: puenc.def 2022-09-22 v7.00t Hyperref: PDF Unicode definition (HO)
Now handling font encoding PU ...
... no UTF-8 mapping file for font encoding PU
)
Package hyperref Info: Option `unicode' set `true' on input line 4045.
Package hyperref Info: Hyper figures OFF on input line 4162.
Package hyperref Info: Link nesting OFF on input line 4167.
Package hyperref Info: Hyper index ON on input line 4170.
Package hyperref Info: Plain pages OFF on input line 4177.
Package hyperref Info: Backreferencing OFF on input line 4182.
Package hyperref Info: Implicit mode ON; LaTeX internals redefined.
Package hyperref Info: Bookmarks ON on input line 4410.
\c@Hy@tempcnt=\count317
(c:/Users/hayde/AppData/Roaming/TinyTeX/texmf-dist/tex/latex/url/url.sty
\Urlmuskip=\muskip17
Package: url 2013/09/16  ver 3.4  Verb mode for urls, etc.
)
LaTeX Info: Redefining \url on input line 4748.
\XeTeXLinkMargin=\dimen268
(c:/Users/hayde/AppData/Roaming/TinyTeX/texmf-dist/tex/generic/bitset/bitset.sty
Package: bitset 2019/12/09 v1.3 Handle bit-vector datatype (HO)
(c:/Users/hayde/AppData/Roaming/TinyTeX/texmf-dist/tex/generic/bigintcalc/bigintcalc.sty
Package: bigintcalc 2019/12/15 v1.5 Expandable calculations on big integers (HO)
))
\Fld@menulength=\count318
\Field@Width=\dimen269
\Fld@charsize=\dimen270
Package hyperref Info: Hyper figures OFF on input line 6027.
Package hyperref Info: Link nesting OFF on input line 6032.
Package hyperref Info: Hyper index ON on input line 6035.
Package hyperref Info: backreferencing OFF on input line 6042.
Package hyperref Info: Link coloring OFF on input line 6047.
Package hyperref Info: Link coloring with OCG OFF on input line 6052.
Package hyperref Info: PDF/A mode OFF on input line 6057.
(c:/Users/hayde/AppData/Roaming/TinyTeX/texmf-dist/tex/latex/base/atbegshi-ltx.sty
Package: atbegshi-ltx 2021/01/10 v1.0c Emulation of the original atbegshi
package with kernel methods
)
\Hy@abspage=\count319
\c@Item=\count320
\c@Hfootnote=\count321
)
Package hyperref Info: Driver (autodetected): hpdftex.
(c:/Users/hayde/AppData/Roaming/TinyTeX/texmf-dist/tex/latex/hyperref/hpdftex.def
File: hpdftex.def 2022-09-22 v7.00t Hyperref driver for pdfTeX
(c:/Users/hayde/AppData/Roaming/TinyTeX/texmf-dist/tex/latex/base/atveryend-ltx.sty
Package: atveryend-ltx 2020/08/19 v1.0a Emulation of the original atveryend package
with kernel methods
)
\Fld@listcount=\count322
\c@bookmark@seq@number=\count323
(c:/Users/hayde/AppData/Roaming/TinyTeX/texmf-dist/tex/latex/rerunfilecheck/rerunfilecheck.sty
Package: rerunfilecheck 2022-07-10 v1.10 Rerun checks for auxiliary files (HO)
(c:/Users/hayde/AppData/Roaming/TinyTeX/texmf-dist/tex/generic/uniquecounter/uniquecounter.sty
Package: uniquecounter 2019/12/15 v1.4 Provide unlimited unique counter (HO)
)
Package uniquecounter Info: New unique counter `rerunfilecheck' on input line 285.
)
\Hy@SectionHShift=\skip87
) (c:/Users/hayde/AppData/Roaming/TinyTeX/texmf-dist/tex/latex/l3backend/l3backend-pdftex.def
File: l3backend-pdftex.def 2022-09-28 L3 backend support: PDF output (pdfTeX)
\l__color_backend_stack_int=\count324
\l__pdf_internal_box=\box74
) (./Chapter7.aux
LaTeX Info: Redefining \. on input line 22.
LaTeX Info: Redefining \% on input line 22.

LaTeX Warning: Label `tab:unnamed-chunk-73' multiply defined.

)
\openout1 = `Chapter7.aux'.

LaTeX Font Info:    Checking defaults for OML/cmm/m/it on input line 162.
LaTeX Font Info:    ... okay on input line 162.
LaTeX Font Info:    Checking defaults for OMS/cmsy/m/n on input line 162.
LaTeX Font Info:    ... okay on input line 162.
LaTeX Font Info:    Checking defaults for OT1/cmr/m/n on input line 162.
LaTeX Font Info:    ... okay on input line 162.
LaTeX Font Info:    Checking defaults for T1/cmr/m/n on input line 162.
LaTeX Font Info:    ... okay on input line 162.
LaTeX Font Info:    Checking defaults for TS1/cmr/m/n on input line 162.
LaTeX Font Info:    ... okay on input line 162.
LaTeX Font Info:    Checking defaults for OMX/cmex/m/n on input line 162.
LaTeX Font Info:    ... okay on input line 162.
LaTeX Font Info:    Checking defaults for U/cmr/m/n on input line 162.
LaTeX Font Info:    ... okay on input line 162.
LaTeX Font Info:    Checking defaults for PD1/pdf/m/n on input line 162.
LaTeX Font Info:    ... okay on input line 162.
LaTeX Font Info:    Checking defaults for PU/pdf/m/n on input line 162.
LaTeX Font Info:    ... okay on input line 162.
(c:/Users/hayde/AppData/Roaming/TinyTeX/texmf-dist/tex/latex/epstopdf-pkg/epstopdf-base.sty
Package: epstopdf-base 2020-01-24 v2.11 Base part for package epstopdf
Package epstopdf-base Info: Redefining graphics rule for `.eps' on input line 485.
(c:/Users/hayde/AppData/Roaming/TinyTeX/texmf-dist/tex/latex/latexconfig/epstopdf-sys.cfg
File: epstopdf-sys.cfg 2010/07/13 v1.3 Configuration of (r)epstopdf for TeX Live
))
*geometry* driver: auto-detecting
*geometry* detected driver: pdftex
*geometry* verbose mode - [ preamble ] result:
* driver: pdftex
* paper: <default>
* layout: <same size as paper>
* layoutoffset:(h,v)=(0.0pt,0.0pt)
* modes: 
* h-part:(L,W,R)=(72.26999pt, 469.75502pt, 72.26999pt)
* v-part:(T,H,B)=(72.26999pt, 650.43001pt, 72.26999pt)
* \paperwidth=614.295pt
* \paperheight=794.96999pt
* \textwidth=469.75502pt
* \textheight=650.43001pt
* \oddsidemargin=0.0pt
* \evensidemargin=0.0pt
* \topmargin=-37.0pt
* \headheight=12.0pt
* \headsep=25.0pt
* \topskip=10.0pt
* \footskip=30.0pt
* \marginparwidth=65.0pt
* \marginparsep=11.0pt
* \columnsep=10.0pt
* \skip\footins=9.0pt plus 4.0pt minus 2.0pt
* \hoffset=0.0pt
* \voffset=0.0pt
* \mag=1000
* \@twocolumnfalse
* \@twosidefalse
* \@mparswitchfalse
* \@reversemarginfalse
* (1in=72.27pt=25.4mm, 1cm=28.453pt)

LaTeX Info: Redefining \. on input line 162.
LaTeX Info: Redefining \% on input line 162.
Package hyperref Info: Link coloring OFF on input line 162.
(./Chapter7.out) (./Chapter7.out)
\@outlinefile=\write4
\openout4 = `Chapter7.out'.

LaTeX Font Info:    Trying to load font information for OT1+lmr on input line 180.
(c:/Users/hayde/AppData/Roaming/TinyTeX/texmf-dist/tex/latex/lm/ot1lmr.fd
File: ot1lmr.fd 2015/05/01 v1.6.1 Font defs for Latin Modern
)
LaTeX Font Info:    Trying to load font information for OML+lmm on input line 180.
(c:/Users/hayde/AppData/Roaming/TinyTeX/texmf-dist/tex/latex/lm/omllmm.fd
File: omllmm.fd 2015/05/01 v1.6.1 Font defs for Latin Modern
)
LaTeX Font Info:    Trying to load font information for OMS+lmsy on input line 180.
(c:/Users/hayde/AppData/Roaming/TinyTeX/texmf-dist/tex/latex/lm/omslmsy.fd
File: omslmsy.fd 2015/05/01 v1.6.1 Font defs for Latin Modern
)
LaTeX Font Info:    Trying to load font information for OMX+lmex on input line 180.
(c:/Users/hayde/AppData/Roaming/TinyTeX/texmf-dist/tex/latex/lm/omxlmex.fd
File: omxlmex.fd 2015/05/01 v1.6.1 Font defs for Latin Modern
)
LaTeX Font Info:    External font `lmex10' loaded for size
(Font)              <12> on input line 180.
LaTeX Font Info:    External font `lmex10' loaded for size
(Font)              <8> on input line 180.
LaTeX Font Info:    External font `lmex10' loaded for size
(Font)              <6> on input line 180.
LaTeX Font Info:    Trying to load font information for U+msa on input line 180.
(c:/Users/hayde/AppData/Roaming/TinyTeX/texmf-dist/tex/latex/amsfonts/umsa.fd
File: umsa.fd 2013/01/14 v3.01 AMS symbols A
)
LaTeX Font Info:    Trying to load font information for U+msb on input line 180.
(c:/Users/hayde/AppData/Roaming/TinyTeX/texmf-dist/tex/latex/amsfonts/umsb.fd
File: umsb.fd 2013/01/14 v3.01 AMS symbols B
)
LaTeX Font Info:    Trying to load font information for U+rsfs on input line 180.
(c:/Users/hayde/AppData/Roaming/TinyTeX/texmf-dist/tex/latex/jknapltx/ursfs.fd
File: ursfs.fd 1998/03/24 rsfs font definition file (jk)
) [1

{c:/Users/hayde/AppData/Roaming/TinyTeX/texmf-var/fonts/map/pdftex/updmap/pdftex.map}] (./Chapter7.toc
LaTeX Info: Redefining \. on input line 1.
LaTeX Info: Redefining \% on input line 1.
LaTeX Font Info:    External font `lmex10' loaded for size
(Font)              <10> on input line 3.
LaTeX Font Info:    External font `lmex10' loaded for size
(Font)              <7> on input line 3.
LaTeX Font Info:    External font `lmex10' loaded for size
(Font)              <5> on input line 3.
LaTeX Font Info:    Trying to load font information for T1+lmtt on input line 21.
(c:/Users/hayde/AppData/Roaming/TinyTeX/texmf-dist/tex/latex/lm/t1lmtt.fd
File: t1lmtt.fd 2015/05/01 v1.6.1 Font defs for Latin Modern
))
\tf@toc=\write5
\openout5 = `Chapter7.toc'.

[2] [3] [4]
<Chapter7_files/figure-latex/unnamed-chunk-8-1.pdf, id=208, 867.24pt x 578.16pt>
File: Chapter7_files/figure-latex/unnamed-chunk-8-1.pdf Graphic file (type pdf)
<use Chapter7_files/figure-latex/unnamed-chunk-8-1.pdf>
Package pdftex.def Info: Chapter7_files/figure-latex/unnamed-chunk-8-1.pdf  used on input line 365.
(pdftex.def)             Requested size: 469.75827pt x 313.17216pt.
<Chapter7_files/figure-latex/unnamed-chunk-9-1.pdf, id=209, 867.24pt x 578.16pt>
File: Chapter7_files/figure-latex/unnamed-chunk-9-1.pdf Graphic file (type pdf)
<use Chapter7_files/figure-latex/unnamed-chunk-9-1.pdf>
Package pdftex.def Info: Chapter7_files/figure-latex/unnamed-chunk-9-1.pdf  used on input line 384.
(pdftex.def)             Requested size: 469.75827pt x 313.17216pt.
[5 <./Chapter7_files/figure-latex/unnamed-chunk-8-1.pdf>]
<Chapter7_files/figure-latex/unnamed-chunk-10-1.pdf, id=220, 867.24pt x 578.16pt>
File: Chapter7_files/figure-latex/unnamed-chunk-10-1.pdf Graphic file (type pdf)
<use Chapter7_files/figure-latex/unnamed-chunk-10-1.pdf>
Package pdftex.def Info: Chapter7_files/figure-latex/unnamed-chunk-10-1.pdf  used on input line 425.
(pdftex.def)             Requested size: 469.75827pt x 313.17216pt.
[6 <./Chapter7_files/figure-latex/unnamed-chunk-9-1.pdf>]
<Chapter7_files/figure-latex/unnamed-chunk-11-1.pdf, id=232, 867.24pt x 578.16pt>
File: Chapter7_files/figure-latex/unnamed-chunk-11-1.pdf Graphic file (type pdf)
<use Chapter7_files/figure-latex/unnamed-chunk-11-1.pdf>
Package pdftex.def Info: Chapter7_files/figure-latex/unnamed-chunk-11-1.pdf  used on input line 445.
(pdftex.def)             Requested size: 469.75827pt x 313.17216pt.
[7 <./Chapter7_files/figure-latex/unnamed-chunk-10-1.pdf>]
<Chapter7_files/figure-latex/unnamed-chunk-12-1.pdf, id=244, 867.24pt x 578.16pt>
File: Chapter7_files/figure-latex/unnamed-chunk-12-1.pdf Graphic file (type pdf)
<use Chapter7_files/figure-latex/unnamed-chunk-12-1.pdf>
Package pdftex.def Info: Chapter7_files/figure-latex/unnamed-chunk-12-1.pdf  used on input line 470.
(pdftex.def)             Requested size: 469.75827pt x 313.17216pt.
[8 <./Chapter7_files/figure-latex/unnamed-chunk-11-1.pdf>]
LaTeX Font Info:    Font shape `T1/lmtt/bx/n' in size <10> not available
(Font)              Font shape `T1/lmtt/b/n' tried instead on input line 497.
<Chapter7_files/figure-latex/unnamed-chunk-14-1.pdf, id=255, 867.24pt x 578.16pt>
File: Chapter7_files/figure-latex/unnamed-chunk-14-1.pdf Graphic file (type pdf)
<use Chapter7_files/figure-latex/unnamed-chunk-14-1.pdf>
Package pdftex.def Info: Chapter7_files/figure-latex/unnamed-chunk-14-1.pdf  used on input line 506.
(pdftex.def)             Requested size: 469.75827pt x 313.17216pt.
[9 <./Chapter7_files/figure-latex/unnamed-chunk-12-1.pdf>]
Underfull \vbox (badness 4899) detected at line 544
 []

[10 <./Chapter7_files/figure-latex/unnamed-chunk-14-1.pdf>]
<Chapter7_files/figure-latex/unnamed-chunk-15-1.pdf, id=279, 867.24pt x 578.16pt>
File: Chapter7_files/figure-latex/unnamed-chunk-15-1.pdf Graphic file (type pdf)
<use Chapter7_files/figure-latex/unnamed-chunk-15-1.pdf>
Package pdftex.def Info: Chapter7_files/figure-latex/unnamed-chunk-15-1.pdf  used on input line 548.
(pdftex.def)             Requested size: 469.75827pt x 313.17216pt.

Underfull \hbox (badness 10000) in paragraph at lines 568--569
[]\T1/lmtt/m/n/10 plot_heatmap(physeq_object, method = ^^PNMDS^^Q, distance = ^^Pbray^^Q, sample.label = NULL,
 []

[11 <./Chapter7_files/figure-latex/unnamed-chunk-15-1.pdf>]
<Chapter7_files/figure-latex/unnamed-chunk-16-1.pdf, id=291, 469.755pt x 325.215pt>
File: Chapter7_files/figure-latex/unnamed-chunk-16-1.pdf Graphic file (type pdf)
<use Chapter7_files/figure-latex/unnamed-chunk-16-1.pdf>
Package pdftex.def Info: Chapter7_files/figure-latex/unnamed-chunk-16-1.pdf  used on input line 603.
(pdftex.def)             Requested size: 375.80452pt x 260.17235pt.
<Chapter7_files/figure-latex/unnamed-chunk-17-1.pdf, id=292, 469.755pt x 325.215pt>
File: Chapter7_files/figure-latex/unnamed-chunk-17-1.pdf Graphic file (type pdf)
<use Chapter7_files/figure-latex/unnamed-chunk-17-1.pdf>
Package pdftex.def Info: Chapter7_files/figure-latex/unnamed-chunk-17-1.pdf  used on input line 618.
(pdftex.def)             Requested size: 375.80452pt x 260.17235pt.
[12 <./Chapter7_files/figure-latex/unnamed-chunk-16-1.pdf>]
<Chapter7_files/figure-latex/unnamed-chunk-18-1.pdf, id=305, 469.755pt x 325.215pt>
File: Chapter7_files/figure-latex/unnamed-chunk-18-1.pdf Graphic file (type pdf)
<use Chapter7_files/figure-latex/unnamed-chunk-18-1.pdf>
Package pdftex.def Info: Chapter7_files/figure-latex/unnamed-chunk-18-1.pdf  used on input line 637.
(pdftex.def)             Requested size: 375.80452pt x 260.17235pt.
[13 <./Chapter7_files/figure-latex/unnamed-chunk-17-1.pdf>]
<Chapter7_files/figure-latex/unnamed-chunk-19-1.pdf, id=320, 469.755pt x 325.215pt>
File: Chapter7_files/figure-latex/unnamed-chunk-19-1.pdf Graphic file (type pdf)
<use Chapter7_files/figure-latex/unnamed-chunk-19-1.pdf>
Package pdftex.def Info: Chapter7_files/figure-latex/unnamed-chunk-19-1.pdf  used on input line 654.
(pdftex.def)             Requested size: 375.80452pt x 260.17235pt.
[14 <./Chapter7_files/figure-latex/unnamed-chunk-18-1.pdf> <./Chapter7_files/figure-latex/unnamed-chunk-19-1.pdf>]
<Chapter7_files/figure-latex/unnamed-chunk-19-2.pdf, id=341, 469.755pt x 325.215pt>
File: Chapter7_files/figure-latex/unnamed-chunk-19-2.pdf Graphic file (type pdf)
<use Chapter7_files/figure-latex/unnamed-chunk-19-2.pdf>
Package pdftex.def Info: Chapter7_files/figure-latex/unnamed-chunk-19-2.pdf  used on input line 669.
(pdftex.def)             Requested size: 375.80452pt x 260.17235pt.
<Chapter7_files/figure-latex/unnamed-chunk-19-3.pdf, id=342, 469.755pt x 325.215pt>
File: Chapter7_files/figure-latex/unnamed-chunk-19-3.pdf Graphic file (type pdf)
<use Chapter7_files/figure-latex/unnamed-chunk-19-3.pdf>
Package pdftex.def Info: Chapter7_files/figure-latex/unnamed-chunk-19-3.pdf  used on input line 684.
(pdftex.def)             Requested size: 375.80452pt x 260.17235pt.
[15 <./Chapter7_files/figure-latex/unnamed-chunk-19-2.pdf> <./Chapter7_files/figure-latex/unnamed-chunk-19-3.pdf>]
<Chapter7_files/figure-latex/unnamed-chunk-19-4.pdf, id=363, 469.755pt x 325.215pt>
File: Chapter7_files/figure-latex/unnamed-chunk-19-4.pdf Graphic file (type pdf)
<use Chapter7_files/figure-latex/unnamed-chunk-19-4.pdf>
Package pdftex.def Info: Chapter7_files/figure-latex/unnamed-chunk-19-4.pdf  used on input line 699.
(pdftex.def)             Requested size: 375.80452pt x 260.17235pt.
<Chapter7_files/figure-latex/unnamed-chunk-20-1.pdf, id=364, 469.755pt x 325.215pt>
File: Chapter7_files/figure-latex/unnamed-chunk-20-1.pdf Graphic file (type pdf)
<use Chapter7_files/figure-latex/unnamed-chunk-20-1.pdf>
Package pdftex.def Info: Chapter7_files/figure-latex/unnamed-chunk-20-1.pdf  used on input line 717.
(pdftex.def)             Requested size: 375.80452pt x 260.17235pt.
[16 <./Chapter7_files/figure-latex/unnamed-chunk-19-4.pdf>]
Underfull \hbox (badness 1342) in paragraph at lines 727--734
[]\T1/lmr/m/n/10 Hay dos fun-cio-nes en el pa-que-te phy-lo-seq pa-ra tra-zar la red del mi-cro-bio-ma usan-do ``gg-plot2'':
 []

LaTeX Font Info:    Trying to load font information for TS1+lmr on input line 748.
(c:/Users/hayde/AppData/Roaming/TinyTeX/texmf-dist/tex/latex/lm/ts1lmr.fd
File: ts1lmr.fd 2015/05/01 v1.6.1 Font defs for Latin Modern
)
Underfull \hbox (badness 10000) in paragraph at lines 762--763
[]\T1/lmtt/m/n/10 plot_net(physeq, distance = ^^Pbray^^Q, type = ^^Psamples^^Q, maxdist = 0.7, color = NULL,
 []

[17 <./Chapter7_files/figure-latex/unnamed-chunk-20-1.pdf>]
<Chapter7_files/figure-latex/unnamed-chunk-21-1.pdf, id=392, 469.755pt x 325.215pt>
File: Chapter7_files/figure-latex/unnamed-chunk-21-1.pdf Graphic file (type pdf)
<use Chapter7_files/figure-latex/unnamed-chunk-21-1.pdf>
Package pdftex.def Info: Chapter7_files/figure-latex/unnamed-chunk-21-1.pdf  used on input line 798.
(pdftex.def)             Requested size: 375.80452pt x 260.17235pt.
<Chapter7_files/figure-latex/unnamed-chunk-22-1.pdf, id=393, 469.755pt x 325.215pt>
File: Chapter7_files/figure-latex/unnamed-chunk-22-1.pdf Graphic file (type pdf)
<use Chapter7_files/figure-latex/unnamed-chunk-22-1.pdf>
Package pdftex.def Info: Chapter7_files/figure-latex/unnamed-chunk-22-1.pdf  used on input line 828.
(pdftex.def)             Requested size: 375.80452pt x 260.17235pt.
[18 <./Chapter7_files/figure-latex/unnamed-chunk-21-1.pdf>]
Underfull \hbox (badness 10000) in paragraph at lines 850--851
[]\T1/lmtt/m/n/10 plot_tree(physeq, method = ^^Psampledodge^^Q, color = NULL, shape = NULL, ladderize =
 []

[19 <./Chapter7_files/figure-latex/unnamed-chunk-22-1.pdf>]
<Chapter7_files/figure-latex/unnamed-chunk-27-1.pdf, id=437, 1011.78pt x 722.7pt>
File: Chapter7_files/figure-latex/unnamed-chunk-27-1.pdf Graphic file (type pdf)
<use Chapter7_files/figure-latex/unnamed-chunk-27-1.pdf>
Package pdftex.def Info: Chapter7_files/figure-latex/unnamed-chunk-27-1.pdf  used on input line 931.
(pdftex.def)             Requested size: 469.76266pt x 335.54475pt.
[20]
<Chapter7_files/figure-latex/unnamed-chunk-28-1.pdf, id=442, 1011.78pt x 722.7pt>
File: Chapter7_files/figure-latex/unnamed-chunk-28-1.pdf Graphic file (type pdf)
<use Chapter7_files/figure-latex/unnamed-chunk-28-1.pdf>
Package pdftex.def Info: Chapter7_files/figure-latex/unnamed-chunk-28-1.pdf  used on input line 946.
(pdftex.def)             Requested size: 469.76266pt x 335.54475pt.
[21 <./Chapter7_files/figure-latex/unnamed-chunk-27-1.pdf>]
<Chapter7_files/figure-latex/unnamed-chunk-29-1.pdf, id=453, 867.24pt x 867.24pt>
File: Chapter7_files/figure-latex/unnamed-chunk-29-1.pdf Graphic file (type pdf)
<use Chapter7_files/figure-latex/unnamed-chunk-29-1.pdf>
Package pdftex.def Info: Chapter7_files/figure-latex/unnamed-chunk-29-1.pdf  used on input line 965.
(pdftex.def)             Requested size: 469.75827pt x 469.75827pt.
[22 <./Chapter7_files/figure-latex/unnamed-chunk-28-1.pdf>] [23 <./Chapter7_files/figure-latex/unnamed-chunk-29-1.pdf>] [24] [25]
Overfull \hbox (23.5306pt too wide) in alignment at lines 1125--1129
 [] [] [] [] 
 []


Overfull \hbox (23.5306pt too wide) in alignment at lines 1129--1132
 [] [] [] [] 
 []


Overfull \hbox (23.5306pt too wide) in alignment at lines 1132--1135
 [] [] [] [] 
 []


Overfull \hbox (23.5306pt too wide) in alignment at lines 1135--1137
 [] [] [] [] 
 []

<city-block.png, id=513, 264.99pt x 216.05719pt>
File: city-block.png Graphic file (type png)
<use city-block.png>
Package pdftex.def Info: city-block.png  used on input line 1161.
(pdftex.def)             Requested size: 142.26357pt x 115.99329pt.

Underfull \hbox (badness 10000) in paragraph at lines 1169--1169
[]|\T1/lmr/m/n/10 Disimilitud cal-cu-lan-do
 []


Underfull \hbox (badness 10000) in paragraph at lines 1247--1247
[]|\T1/lmr/m/n/10 Disimilitud de $\OT1/lmr/m/n/10 1$\T1/lmr/m/n/10 -
 []


Underfull \hbox (badness 10000) in paragraph at lines 1263--1264
[]|\T1/lmr/m/n/10 Mixtos: va-ria-bles
 []


Underfull \hbox (badness 10000) in paragraph at lines 1263--1264
\T1/lmr/m/n/10 cuan-ti-ta-ti-vas y
 []


Overfull \hbox (23.5306pt too wide) in alignment at lines 1137--1277
 [] [] [] [] 
 []

[26

] [27 <./city-block.png>] [28] [29] [30] [31]
<single_linkage.png, id=545, 96.6009pt x 100.9371pt>
File: single_linkage.png Graphic file (type png)
<use single_linkage.png>
Package pdftex.def Info: single_linkage.png  used on input line 1350.
(pdftex.def)             Requested size: 96.60654pt x 100.943pt.
[32

 <./single_linkage.png>]
LaTeX Font Info:    Trying to load font information for TS1+lmtt on input line 1368.
(c:/Users/hayde/AppData/Roaming/TinyTeX/texmf-dist/tex/latex/lm/ts1lmtt.fd
File: ts1lmtt.fd 2015/05/01 v1.6.1 Font defs for Latin Modern
)
<Chapter7_files/figure-latex/unnamed-chunk-31-1.pdf, id=553, 469.755pt x 325.215pt>
File: Chapter7_files/figure-latex/unnamed-chunk-31-1.pdf Graphic file (type pdf)
<use Chapter7_files/figure-latex/unnamed-chunk-31-1.pdf>
Package pdftex.def Info: Chapter7_files/figure-latex/unnamed-chunk-31-1.pdf  used on input line 1375.
(pdftex.def)             Requested size: 375.80452pt x 260.17235pt.
<complete-linkage.png, id=554, 91.0602pt x 101.6598pt>
File: complete-linkage.png Graphic file (type png)
<use complete-linkage.png>
Package pdftex.def Info: complete-linkage.png  used on input line 1395.
(pdftex.def)             Requested size: 91.06274pt x 101.66264pt.
[33 <./Chapter7_files/figure-latex/unnamed-chunk-31-1.pdf> <./complete-linkage.png>]
<Chapter7_files/figure-latex/unnamed-chunk-32-1.pdf, id=569, 469.755pt x 325.215pt>
File: Chapter7_files/figure-latex/unnamed-chunk-32-1.pdf Graphic file (type pdf)
<use Chapter7_files/figure-latex/unnamed-chunk-32-1.pdf>
Package pdftex.def Info: Chapter7_files/figure-latex/unnamed-chunk-32-1.pdf  used on input line 1412.
(pdftex.def)             Requested size: 375.80452pt x 260.17235pt.
<average_linkage.png, id=570, 91.542pt x 99.7326pt>
File: average_linkage.png Graphic file (type png)
<use average_linkage.png>
Package pdftex.def Info: average_linkage.png  used on input line 1431.
(pdftex.def)             Requested size: 91.54596pt x 99.73691pt.
[34 <./Chapter7_files/figure-latex/unnamed-chunk-32-1.pdf> <./average_linkage.png>]
<Chapter7_files/figure-latex/unnamed-chunk-33-1.pdf, id=584, 469.755pt x 325.215pt>
File: Chapter7_files/figure-latex/unnamed-chunk-33-1.pdf Graphic file (type pdf)
<use Chapter7_files/figure-latex/unnamed-chunk-33-1.pdf>
Package pdftex.def Info: Chapter7_files/figure-latex/unnamed-chunk-33-1.pdf  used on input line 1446.
(pdftex.def)             Requested size: 375.80452pt x 260.17235pt.
<wards_linkage.png, id=585, 193.6836pt x 104.7915pt>
File: wards_linkage.png Graphic file (type png)
<use wards_linkage.png>
Package pdftex.def Info: wards_linkage.png  used on input line 1474.
(pdftex.def)             Requested size: 193.68605pt x 104.79283pt.
[35 <./Chapter7_files/figure-latex/unnamed-chunk-33-1.pdf> <./wards_linkage.png>]
<Chapter7_files/figure-latex/unnamed-chunk-34-1.pdf, id=600, 469.755pt x 325.215pt>
File: Chapter7_files/figure-latex/unnamed-chunk-34-1.pdf Graphic file (type pdf)
<use Chapter7_files/figure-latex/unnamed-chunk-34-1.pdf>
Package pdftex.def Info: Chapter7_files/figure-latex/unnamed-chunk-34-1.pdf  used on input line 1486.
(pdftex.def)             Requested size: 375.80452pt x 260.17235pt.
<Chapter7_files/figure-latex/unnamed-chunk-35-1.pdf, id=601, 722.7pt x 722.7pt>
File: Chapter7_files/figure-latex/unnamed-chunk-35-1.pdf Graphic file (type pdf)
<use Chapter7_files/figure-latex/unnamed-chunk-35-1.pdf>
Package pdftex.def Info: Chapter7_files/figure-latex/unnamed-chunk-35-1.pdf  used on input line 1506.
(pdftex.def)             Requested size: 469.76045pt x 469.76045pt.
[36 <./Chapter7_files/figure-latex/unnamed-chunk-34-1.pdf>] [37 <./Chapter7_files/figure-latex/unnamed-chunk-35-1.pdf>]
<Chapter7_files/figure-latex/visualizar_matriz-1.pdf, id=626, 469.755pt x 325.215pt>
File: Chapter7_files/figure-latex/visualizar_matriz-1.pdf Graphic file (type pdf)
<use Chapter7_files/figure-latex/visualizar_matriz-1.pdf>
Package pdftex.def Info: Chapter7_files/figure-latex/visualizar_matriz-1.pdf  used on input line 1538.
(pdftex.def)             Requested size: 469.75386pt x 325.2142pt.
<Chapter7_files/figure-latex/dendograma_average-1.pdf, id=627, 469.755pt x 325.215pt>
File: Chapter7_files/figure-latex/dendograma_average-1.pdf Graphic file (type pdf)
<use Chapter7_files/figure-latex/dendograma_average-1.pdf>
Package pdftex.def Info: Chapter7_files/figure-latex/dendograma_average-1.pdf  used on input line 1570.
(pdftex.def)             Requested size: 375.80452pt x 260.17235pt.
[38 <./Chapter7_files/figure-latex/visualizar_matriz-1.pdf>]
<Chapter7_files/figure-latex/dendograma_Ward-1.pdf, id=639, 469.755pt x 325.215pt>
File: Chapter7_files/figure-latex/dendograma_Ward-1.pdf Graphic file (type pdf)
<use Chapter7_files/figure-latex/dendograma_Ward-1.pdf>
Package pdftex.def Info: Chapter7_files/figure-latex/dendograma_Ward-1.pdf  used on input line 1592.
(pdftex.def)             Requested size: 375.80452pt x 260.17235pt.
[39 <./Chapter7_files/figure-latex/dendograma_average-1.pdf>]
<Chapter7_files/figure-latex/dendograma_single-1.pdf, id=650, 469.755pt x 325.215pt>
File: Chapter7_files/figure-latex/dendograma_single-1.pdf Graphic file (type pdf)
<use Chapter7_files/figure-latex/dendograma_single-1.pdf>
Package pdftex.def Info: Chapter7_files/figure-latex/dendograma_single-1.pdf  used on input line 1614.
(pdftex.def)             Requested size: 375.80452pt x 260.17235pt.
[40 <./Chapter7_files/figure-latex/dendograma_Ward-1.pdf>]
<Chapter7_files/figure-latex/dendograma_complete-1.pdf, id=661, 469.755pt x 325.215pt>
File: Chapter7_files/figure-latex/dendograma_complete-1.pdf Graphic file (type pdf)
<use Chapter7_files/figure-latex/dendograma_complete-1.pdf>
Package pdftex.def Info: Chapter7_files/figure-latex/dendograma_complete-1.pdf  used on input line 1635.
(pdftex.def)             Requested size: 375.80452pt x 260.17235pt.
[41 <./Chapter7_files/figure-latex/dendograma_single-1.pdf>] [42 <./Chapter7_files/figure-latex/dendograma_complete-1.pdf>] [43] [44] [45]
<PCA_3.png, id=698, 1328.965pt x 792.9625pt>
File: PCA_3.png Graphic file (type png)
<use PCA_3.png>
Package pdftex.def Info: PCA_3.png  used on input line 1945.
(pdftex.def)             Requested size: 441.01349pt x 263.14249pt.
[46 <./PCA_3.png>]
<Chapter7_files/figure-latex/bibiplot_PCA-1.pdf, id=704, 469.755pt x 325.215pt>
File: Chapter7_files/figure-latex/bibiplot_PCA-1.pdf Graphic file (type pdf)
<use Chapter7_files/figure-latex/bibiplot_PCA-1.pdf>
Package pdftex.def Info: Chapter7_files/figure-latex/bibiplot_PCA-1.pdf  used on input line 1990.
(pdftex.def)             Requested size: 375.80452pt x 260.17235pt.
<Chapter7_files/figure-latex/bibiplot_PCA_2-1.pdf, id=706, 469.755pt x 325.215pt>
File: Chapter7_files/figure-latex/bibiplot_PCA_2-1.pdf Graphic file (type pdf)
<use Chapter7_files/figure-latex/bibiplot_PCA_2-1.pdf>
Package pdftex.def Info: Chapter7_files/figure-latex/bibiplot_PCA_2-1.pdf  used on input line 2011.
(pdftex.def)             Requested size: 375.80452pt x 260.17235pt.
[47 <./Chapter7_files/figure-latex/bibiplot_PCA-1.pdf>]
<Chapter7_files/figure-latex/ordiplot_PCA-1.pdf, id=717, 469.755pt x 325.215pt>
File: Chapter7_files/figure-latex/ordiplot_PCA-1.pdf Graphic file (type pdf)
<use Chapter7_files/figure-latex/ordiplot_PCA-1.pdf>
Package pdftex.def Info: Chapter7_files/figure-latex/ordiplot_PCA-1.pdf  used on input line 2032.
(pdftex.def)             Requested size: 375.80452pt x 260.17235pt.
[48 <./Chapter7_files/figure-latex/bibiplot_PCA_2-1.pdf>] [49 <./Chapter7_files/figure-latex/ordiplot_PCA-1.pdf>]
<Chapter7_files/figure-latex/PCA_1_2-1.pdf, id=741, 867.24pt x 578.16pt>
File: Chapter7_files/figure-latex/PCA_1_2-1.pdf Graphic file (type pdf)
<use Chapter7_files/figure-latex/PCA_1_2-1.pdf>
Package pdftex.def Info: Chapter7_files/figure-latex/PCA_1_2-1.pdf  used on input line 2128.
(pdftex.def)             Requested size: 469.75827pt x 313.17216pt.
[50] [51 <./Chapter7_files/figure-latex/PCA_1_2-1.pdf>] [52] [53] [54]
<Chapter7_files/figure-latex/PCoA_1-1.pdf, id=774, 469.755pt x 325.215pt>
File: Chapter7_files/figure-latex/PCoA_1-1.pdf Graphic file (type pdf)
<use Chapter7_files/figure-latex/PCoA_1-1.pdf>
Package pdftex.def Info: Chapter7_files/figure-latex/PCoA_1-1.pdf  used on input line 2401.
(pdftex.def)             Requested size: 375.80452pt x 260.17235pt.
[55 <./Chapter7_files/figure-latex/PCoA_1-1.pdf>]
<Chapter7_files/figure-latex/Ordination_plot1-1.pdf, id=786, 469.755pt x 325.215pt>
File: Chapter7_files/figure-latex/Ordination_plot1-1.pdf Graphic file (type pdf)
<use Chapter7_files/figure-latex/Ordination_plot1-1.pdf>
Package pdftex.def Info: Chapter7_files/figure-latex/Ordination_plot1-1.pdf  used on input line 2439.
(pdftex.def)             Requested size: 375.80452pt x 260.17235pt.
[56 <./Chapter7_files/figure-latex/Ordination_plot1-1.pdf>]
<Chapter7_files/figure-latex/Ordination_plot2-1.pdf, id=797, 469.755pt x 325.215pt>
File: Chapter7_files/figure-latex/Ordination_plot2-1.pdf Graphic file (type pdf)
<use Chapter7_files/figure-latex/Ordination_plot2-1.pdf>
Package pdftex.def Info: Chapter7_files/figure-latex/Ordination_plot2-1.pdf  used on input line 2496.
(pdftex.def)             Requested size: 375.80452pt x 260.17235pt.
[57 <./Chapter7_files/figure-latex/Ordination_plot2-1.pdf>] [58] [59] [60] [61] [62] [63] [64] [65] [66] [67]
<Chapter7_files/figure-latex/Ordination_plot3-1.pdf, id=851, 469.755pt x 325.215pt>
File: Chapter7_files/figure-latex/Ordination_plot3-1.pdf Graphic file (type pdf)
<use Chapter7_files/figure-latex/Ordination_plot3-1.pdf>
Package pdftex.def Info: Chapter7_files/figure-latex/Ordination_plot3-1.pdf  used on input line 3130.
(pdftex.def)             Requested size: 375.80452pt x 260.17235pt.
[68] [69 <./Chapter7_files/figure-latex/Ordination_plot3-1.pdf>]
<Chapter7_files/figure-latex/Ordiplot_1-1.pdf, id=868, 469.755pt x 325.215pt>
File: Chapter7_files/figure-latex/Ordiplot_1-1.pdf Graphic file (type pdf)
<use Chapter7_files/figure-latex/Ordiplot_1-1.pdf>
Package pdftex.def Info: Chapter7_files/figure-latex/Ordiplot_1-1.pdf  used on input line 3253.
(pdftex.def)             Requested size: 375.80452pt x 260.17235pt.
[70]
<Chapter7_files/figure-latex/Ordiplot_2-1.pdf, id=873, 469.755pt x 325.215pt>
File: Chapter7_files/figure-latex/Ordiplot_2-1.pdf Graphic file (type pdf)
<use Chapter7_files/figure-latex/Ordiplot_2-1.pdf>
Package pdftex.def Info: Chapter7_files/figure-latex/Ordiplot_2-1.pdf  used on input line 3270.
(pdftex.def)             Requested size: 375.80452pt x 260.17235pt.
[71 <./Chapter7_files/figure-latex/Ordiplot_1-1.pdf> <./Chapter7_files/figure-latex/Ordiplot_2-1.pdf>]
<Chapter7_files/figure-latex/Shepards_stress_plot-1.pdf, id=890, 469.755pt x 325.215pt>
File: Chapter7_files/figure-latex/Shepards_stress_plot-1.pdf Graphic file (type pdf)
<use Chapter7_files/figure-latex/Shepards_stress_plot-1.pdf>
Package pdftex.def Info: Chapter7_files/figure-latex/Shepards_stress_plot-1.pdf  used on input line 3300.
(pdftex.def)             Requested size: 375.80452pt x 260.17235pt.
[72 <./Chapter7_files/figure-latex/Shepards_stress_plot-1.pdf>]
<Chapter7_files/figure-latex/ordination_plot_NMDS-1.pdf, id=904, 469.755pt x 325.215pt>
File: Chapter7_files/figure-latex/ordination_plot_NMDS-1.pdf Graphic file (type pdf)
<use Chapter7_files/figure-latex/ordination_plot_NMDS-1.pdf>
Package pdftex.def Info: Chapter7_files/figure-latex/ordination_plot_NMDS-1.pdf  used on input line 3387.
(pdftex.def)             Requested size: 375.80452pt x 260.17235pt.
[73]
<Chapter7_files/figure-latex/ordination_plot_NMDS_2-1.pdf, id=910, 469.755pt x 325.215pt>
File: Chapter7_files/figure-latex/ordination_plot_NMDS_2-1.pdf Graphic file (type pdf)
<use Chapter7_files/figure-latex/ordination_plot_NMDS_2-1.pdf>
Package pdftex.def Info: Chapter7_files/figure-latex/ordination_plot_NMDS_2-1.pdf  used on input line 3406.
(pdftex.def)             Requested size: 375.80452pt x 260.17235pt.
[74 <./Chapter7_files/figure-latex/ordination_plot_NMDS-1.pdf> <./Chapter7_files/figure-latex/ordination_plot_NMDS_2-1.pdf>]
<Chapter7_files/figure-latex/ordination_plot_NMDS_3-1.pdf, id=927, 469.755pt x 325.215pt>
File: Chapter7_files/figure-latex/ordination_plot_NMDS_3-1.pdf Graphic file (type pdf)
<use Chapter7_files/figure-latex/ordination_plot_NMDS_3-1.pdf>
Package pdftex.def Info: Chapter7_files/figure-latex/ordination_plot_NMDS_3-1.pdf  used on input line 3424.
(pdftex.def)             Requested size: 375.80452pt x 260.17235pt.
[75 <./Chapter7_files/figure-latex/ordination_plot_NMDS_3-1.pdf>]
<Chapter7_files/figure-latex/r eigenvalores_NMDS_1-1.pdf, id=938, 867.24pt x 722.7pt>
File: Chapter7_files/figure-latex/r eigenvalores_NMDS_1-1.pdf Graphic file (type pdf)
<use Chapter7_files/figure-latex/r eigenvalores_NMDS_1-1.pdf>
Package pdftex.def Info: Chapter7_files/figure-latex/r eigenvalores_NMDS_1-1.pdf  used on input line 3474.
(pdftex.def)             Requested size: 469.75827pt x 391.46521pt.
[76 <./Chapter7_files/figure-latex/r eigenvalores_NMDS_1-1.pdf>]
Overfull \hbox (18.49356pt too wide) in paragraph at lines 3695--3695
[]\T1/lmtt/m/n/10 ## rda(formula = abund_hell ~ SmokingStatus + Age + Sex + PackYears,      data = throat_meta)[] 
 []

[77] [78] [79] [80]
<Chapter7_files/figure-latex/triplot_RDA-1.pdf, id=969, 469.755pt x 325.215pt>
File: Chapter7_files/figure-latex/triplot_RDA-1.pdf Graphic file (type pdf)
<use Chapter7_files/figure-latex/triplot_RDA-1.pdf>
Package pdftex.def Info: Chapter7_files/figure-latex/triplot_RDA-1.pdf  used on input line 3841.
(pdftex.def)             Requested size: 375.80452pt x 260.17235pt.
[81] [82 <./Chapter7_files/figure-latex/triplot_RDA-1.pdf>]
LaTeX Font Info:    External font `lmex10' loaded for size
(Font)              <9> on input line 3904.
[83] [84] [85] [86] [87]
Overfull \hbox (39.4935pt too wide) in paragraph at lines 4424--4424
[]\T1/lmtt/m/n/10 ## cca(formula = throat.otu.tab ~ SmokingStatus + Age + Sex + PackYears,      data = throat_meta)[] 
 []

[88] [89]
<Chapter7_files/figure-latex/unnamed-chunk-69-1.pdf, id=1030, 469.755pt x 325.215pt>
File: Chapter7_files/figure-latex/unnamed-chunk-69-1.pdf Graphic file (type pdf)
<use Chapter7_files/figure-latex/unnamed-chunk-69-1.pdf>
Package pdftex.def Info: Chapter7_files/figure-latex/unnamed-chunk-69-1.pdf  used on input line 4451.
(pdftex.def)             Requested size: 375.80452pt x 260.17235pt.
[90 <./Chapter7_files/figure-latex/unnamed-chunk-69-1.pdf>]

LaTeX Warning: `!h' float specifier changed to `!ht'.

[91] [92] [93]

LaTeX Warning: `!h' float specifier changed to `!ht'.

[94]
<Chapter7_files/figure-latex/unnamed-chunk-76-1.pdf, id=1065, 469.755pt x 325.215pt>
File: Chapter7_files/figure-latex/unnamed-chunk-76-1.pdf Graphic file (type pdf)
<use Chapter7_files/figure-latex/unnamed-chunk-76-1.pdf>
Package pdftex.def Info: Chapter7_files/figure-latex/unnamed-chunk-76-1.pdf  used on input line 4801.
(pdftex.def)             Requested size: 375.80452pt x 260.17235pt.
[95 <./Chapter7_files/figure-latex/unnamed-chunk-76-1.pdf>]
<Chapter7_files/figure-latex/unnamed-chunk-78-1.pdf, id=1077, 469.755pt x 325.215pt>
File: Chapter7_files/figure-latex/unnamed-chunk-78-1.pdf Graphic file (type pdf)
<use Chapter7_files/figure-latex/unnamed-chunk-78-1.pdf>
Package pdftex.def Info: Chapter7_files/figure-latex/unnamed-chunk-78-1.pdf  used on input line 4850.
(pdftex.def)             Requested size: 469.75386pt x 325.2142pt.

LaTeX Warning: `!h' float specifier changed to `!ht'.

[96 <./Chapter7_files/figure-latex/unnamed-chunk-78-1.pdf>]

LaTeX Warning: `!h' float specifier changed to `!ht'.

[97] [98] [99] (./Chapter7.aux
LaTeX Info: Redefining \. on input line 22.
LaTeX Info: Redefining \% on input line 22.
)

LaTeX Warning: There were multiply-defined labels.

Package rerunfilecheck Info: File `Chapter7.out' has not changed.
(rerunfilecheck)             Checksum: 93AB0C249ED5D34E1293D3AE9381325F;7586.
 ) 
Here is how much of TeX's memory you used:
 16251 strings out of 477013
 278919 string characters out of 5825698
 678836 words of memory out of 5000000
 36773 multiletter control sequences out of 15000+600000
 540804 words of font info for 91 fonts, out of 8000000 for 9000
 14 hyphenation exceptions out of 8191
 72i,11n,77p,866b,596s stack positions out of 10000i,1000n,20000p,200000b,200000s
{c:/Users/hayde/AppData/Roaming/TinyTeX/texmf-dist/fonts/enc/dvips/lm/lm-ec.enc}{c:/Users/hayde/AppData/Roaming/TinyTeX/texmf-dist/fonts/enc/dvips/lm/lm-ts1.enc}{c:/Users/hayde/AppData/Roaming/TinyTeX/texmf-dist/fonts/enc/dvips/lm/lm-mathit.enc}{c:/Users/hayde/AppData/Roaming/TinyTeX/texmf-dist/fonts/enc/dvips/lm/lm-rm.enc}{c:/Users/hayde/AppData/Roaming/TinyTeX/texmf-dist/fonts/enc/dvips/lm/lm-mathex.enc}{c:/Users/hayde/AppData/Roaming/TinyTeX/texmf-dist/fonts/enc/dvips/lm/lm-mathsy.enc}<c:/Users/hayde/AppData/Roaming/TinyTeX/texmf-dist/fonts/type1/public/lm/lmbx10.pfb><c:/Users/hayde/AppData/Roaming/TinyTeX/texmf-dist/fonts/type1/public/lm/lmbx12.pfb><c:/Users/hayde/AppData/Roaming/TinyTeX/texmf-dist/fonts/type1/public/lm/lmcsc10.pfb><c:/Users/hayde/AppData/Roaming/TinyTeX/texmf-dist/fonts/type1/public/lm/lmex10.pfb><c:/Users/hayde/AppData/Roaming/TinyTeX/texmf-dist/fonts/type1/public/lm/lmmi10.pfb><c:/Users/hayde/AppData/Roaming/TinyTeX/texmf-dist/fonts/type1/public/lm/lmmi12.pfb><c:/Users/hayde/AppData/Roaming/TinyTeX/texmf-dist/fonts/type1/public/lm/lmmi5.pfb><c:/Users/hayde/AppData/Roaming/TinyTeX/texmf-dist/fonts/type1/public/lm/lmmi7.pfb><c:/Users/hayde/AppData/Roaming/TinyTeX/texmf-dist/fonts/type1/public/lm/lmmi8.pfb><c:/Users/hayde/AppData/Roaming/TinyTeX/texmf-dist/fonts/type1/public/lm/lmr10.pfb><c:/Users/hayde/AppData/Roaming/TinyTeX/texmf-dist/fonts/type1/public/lm/lmr12.pfb><c:/Users/hayde/AppData/Roaming/TinyTeX/texmf-dist/fonts/type1/public/lm/lmr17.pfb><c:/Users/hayde/AppData/Roaming/TinyTeX/texmf-dist/fonts/type1/public/lm/lmr5.pfb><c:/Users/hayde/AppData/Roaming/TinyTeX/texmf-dist/fonts/type1/public/lm/lmr7.pfb><c:/Users/hayde/AppData/Roaming/TinyTeX/texmf-dist/fonts/type1/public/lm/lmr9.pfb><c:/Users/hayde/AppData/Roaming/TinyTeX/texmf-dist/fonts/type1/public/lm/lmri10.pfb><c:/Users/hayde/AppData/Roaming/TinyTeX/texmf-dist/fonts/type1/public/lm/lmsy10.pfb><c:/Users/hayde/AppData/Roaming/TinyTeX/texmf-dist/fonts/type1/public/lm/lmsy7.pfb><c:/Users/hayde/AppData/Roaming/TinyTeX/texmf-dist/fonts/type1/public/lm/lmsy8.pfb><c:/Users/hayde/AppData/Roaming/TinyTeX/texmf-dist/fonts/type1/public/lm/lmtk10.pfb><c:/Users/hayde/AppData/Roaming/TinyTeX/texmf-dist/fonts/type1/public/lm/lmtt10.pfb><c:/Users/hayde/AppData/Roaming/TinyTeX/texmf-dist/fonts/type1/public/lm/lmtti10.pfb><c:/Users/hayde/AppData/Roaming/TinyTeX/texmf-dist/fonts/type1/public/amsfonts/symbols/msbm10.pfb>
Output written on Chapter7.pdf (99 pages, 1420802 bytes).
PDF statistics:
 1286 PDF objects out of 1440 (max. 8388607)
 997 compressed objects within 10 object streams
 261 named destinations out of 1000 (max. 500000)
 532 words of extra memory for PDF output out of 10000 (max. 10000000)

