This is pdfTeX, Version 3.141592653-2.6-1.40.24 (TeX Live 2022) (preloaded format=pdflatex 2022.9.4)  11 SEP 2022 17:38
entering extended mode
 restricted \write18 enabled.
 %&-line parsing enabled.
**Chapter8.tex
(./Chapter8.tex
LaTeX2e <2022-06-01> patch level 5
L3 programming layer <2022-08-30> (c:/Users/ANDRESARREDONDOCRUZ/AppData/Roaming/TinyTeX/texmf-dist/tex/latex/base/article.cls
Document Class: article 2021/10/04 v1.4n Standard LaTeX document class
(c:/Users/ANDRESARREDONDOCRUZ/AppData/Roaming/TinyTeX/texmf-dist/tex/latex/base/size10.clo
File: size10.clo 2021/10/04 v1.4n Standard LaTeX file (size option)
)
\c@part=\count185
\c@section=\count186
\c@subsection=\count187
\c@subsubsection=\count188
\c@paragraph=\count189
\c@subparagraph=\count190
\c@figure=\count191
\c@table=\count192
\abovecaptionskip=\skip47
\belowcaptionskip=\skip48
\bibindent=\dimen138
) (c:/Users/ANDRESARREDONDOCRUZ/AppData/Roaming/TinyTeX/texmf-dist/tex/latex/amsmath/amsmath.sty
Package: amsmath 2022/04/08 v2.17n AMS math features
\@mathmargin=\skip49
For additional information on amsmath, use the `?' option.
(c:/Users/ANDRESARREDONDOCRUZ/AppData/Roaming/TinyTeX/texmf-dist/tex/latex/amsmath/amstext.sty
Package: amstext 2021/08/26 v2.01 AMS text
(c:/Users/ANDRESARREDONDOCRUZ/AppData/Roaming/TinyTeX/texmf-dist/tex/latex/amsmath/amsgen.sty
File: amsgen.sty 1999/11/30 v2.0 generic functions
\@emptytoks=\toks16
\ex@=\dimen139
)) (c:/Users/ANDRESARREDONDOCRUZ/AppData/Roaming/TinyTeX/texmf-dist/tex/latex/amsmath/amsbsy.sty
Package: amsbsy 1999/11/29 v1.2d Bold Symbols
\pmbraise@=\dimen140
) (c:/Users/ANDRESARREDONDOCRUZ/AppData/Roaming/TinyTeX/texmf-dist/tex/latex/amsmath/amsopn.sty
Package: amsopn 2022/04/08 v2.04 operator names
)
\inf@bad=\count193
LaTeX Info: Redefining \frac on input line 234.
\uproot@=\count194
\leftroot@=\count195
LaTeX Info: Redefining \overline on input line 399.
LaTeX Info: Redefining \colon on input line 410.
\classnum@=\count196
\DOTSCASE@=\count197
LaTeX Info: Redefining \ldots on input line 496.
LaTeX Info: Redefining \dots on input line 499.
LaTeX Info: Redefining \cdots on input line 620.
\Mathstrutbox@=\box51
\strutbox@=\box52
LaTeX Info: Redefining \big on input line 722.
LaTeX Info: Redefining \Big on input line 723.
LaTeX Info: Redefining \bigg on input line 724.
LaTeX Info: Redefining \Bigg on input line 725.
\big@size=\dimen141
LaTeX Font Info:    Redeclaring font encoding OML on input line 743.
LaTeX Font Info:    Redeclaring font encoding OMS on input line 744.
\macc@depth=\count198
LaTeX Info: Redefining \bmod on input line 905.
LaTeX Info: Redefining \pmod on input line 910.
LaTeX Info: Redefining \smash on input line 940.
LaTeX Info: Redefining \relbar on input line 970.
LaTeX Info: Redefining \Relbar on input line 971.
\c@MaxMatrixCols=\count199
\dotsspace@=\muskip16
\c@parentequation=\count266
\dspbrk@lvl=\count267
\tag@help=\toks17
\row@=\count268
\column@=\count269
\maxfields@=\count270
\andhelp@=\toks18
\eqnshift@=\dimen142
\alignsep@=\dimen143
\tagshift@=\dimen144
\tagwidth@=\dimen145
\totwidth@=\dimen146
\lineht@=\dimen147
\@envbody=\toks19
\multlinegap=\skip50
\multlinetaggap=\skip51
\mathdisplay@stack=\toks20
LaTeX Info: Redefining \[ on input line 2953.
LaTeX Info: Redefining \] on input line 2954.
) (c:/Users/ANDRESARREDONDOCRUZ/AppData/Roaming/TinyTeX/texmf-dist/tex/latex/amsfonts/amssymb.sty
Package: amssymb 2013/01/14 v3.01 AMS font symbols
(c:/Users/ANDRESARREDONDOCRUZ/AppData/Roaming/TinyTeX/texmf-dist/tex/latex/amsfonts/amsfonts.sty
Package: amsfonts 2013/01/14 v3.01 Basic AMSFonts support
\symAMSa=\mathgroup4
\symAMSb=\mathgroup5
LaTeX Font Info:    Redeclaring math symbol \hbar on input line 98.
LaTeX Font Info:    Overwriting math alphabet `\mathfrak' in version `bold'
(Font)                  U/euf/m/n --> U/euf/b/n on input line 106.
)) (c:/Users/ANDRESARREDONDOCRUZ/AppData/Roaming/TinyTeX/texmf-dist/tex/latex/lm/lmodern.sty
Package: lmodern 2015/05/01 v1.6.1 Latin Modern Fonts
LaTeX Font Info:    Overwriting symbol font `operators' in version `normal'
(Font)                  OT1/cmr/m/n --> OT1/lmr/m/n on input line 22.
LaTeX Font Info:    Overwriting symbol font `letters' in version `normal'
(Font)                  OML/cmm/m/it --> OML/lmm/m/it on input line 23.
LaTeX Font Info:    Overwriting symbol font `symbols' in version `normal'
(Font)                  OMS/cmsy/m/n --> OMS/lmsy/m/n on input line 24.
LaTeX Font Info:    Overwriting symbol font `largesymbols' in version `normal'
(Font)                  OMX/cmex/m/n --> OMX/lmex/m/n on input line 25.
LaTeX Font Info:    Overwriting symbol font `operators' in version `bold'
(Font)                  OT1/cmr/bx/n --> OT1/lmr/bx/n on input line 26.
LaTeX Font Info:    Overwriting symbol font `letters' in version `bold'
(Font)                  OML/cmm/b/it --> OML/lmm/b/it on input line 27.
LaTeX Font Info:    Overwriting symbol font `symbols' in version `bold'
(Font)                  OMS/cmsy/b/n --> OMS/lmsy/b/n on input line 28.
LaTeX Font Info:    Overwriting symbol font `largesymbols' in version `bold'
(Font)                  OMX/cmex/m/n --> OMX/lmex/m/n on input line 29.
LaTeX Font Info:    Overwriting math alphabet `\mathbf' in version `normal'
(Font)                  OT1/cmr/bx/n --> OT1/lmr/bx/n on input line 31.
LaTeX Font Info:    Overwriting math alphabet `\mathsf' in version `normal'
(Font)                  OT1/cmss/m/n --> OT1/lmss/m/n on input line 32.
LaTeX Font Info:    Overwriting math alphabet `\mathit' in version `normal'
(Font)                  OT1/cmr/m/it --> OT1/lmr/m/it on input line 33.
LaTeX Font Info:    Overwriting math alphabet `\mathtt' in version `normal'
(Font)                  OT1/cmtt/m/n --> OT1/lmtt/m/n on input line 34.
LaTeX Font Info:    Overwriting math alphabet `\mathbf' in version `bold'
(Font)                  OT1/cmr/bx/n --> OT1/lmr/bx/n on input line 35.
LaTeX Font Info:    Overwriting math alphabet `\mathsf' in version `bold'
(Font)                  OT1/cmss/bx/n --> OT1/lmss/bx/n on input line 36.
LaTeX Font Info:    Overwriting math alphabet `\mathit' in version `bold'
(Font)                  OT1/cmr/bx/it --> OT1/lmr/bx/it on input line 37.
LaTeX Font Info:    Overwriting math alphabet `\mathtt' in version `bold'
(Font)                  OT1/cmtt/m/n --> OT1/lmtt/m/n on input line 38.
) (c:/Users/ANDRESARREDONDOCRUZ/AppData/Roaming/TinyTeX/texmf-dist/tex/generic/iftex/iftex.sty
Package: iftex 2022/02/03 v1.0f TeX engine tests
) (c:/Users/ANDRESARREDONDOCRUZ/AppData/Roaming/TinyTeX/texmf-dist/tex/latex/base/fontenc.sty
Package: fontenc 2021/04/29 v2.0v Standard LaTeX package
LaTeX Font Info:    Trying to load font information for T1+lmr on input line 112.
(c:/Users/ANDRESARREDONDOCRUZ/AppData/Roaming/TinyTeX/texmf-dist/tex/latex/lm/t1lmr.fd
File: t1lmr.fd 2015/05/01 v1.6.1 Font defs for Latin Modern
)) (c:/Users/ANDRESARREDONDOCRUZ/AppData/Roaming/TinyTeX/texmf-dist/tex/latex/base/inputenc.sty
Package: inputenc 2021/02/14 v1.3d Input encoding file
\inpenc@prehook=\toks21
\inpenc@posthook=\toks22
) (c:/Users/ANDRESARREDONDOCRUZ/AppData/Roaming/TinyTeX/texmf-dist/tex/latex/base/textcomp.sty
Package: textcomp 2020/02/02 v2.0n Standard LaTeX package
) (c:/Users/ANDRESARREDONDOCRUZ/AppData/Roaming/TinyTeX/texmf-dist/tex/latex/xcolor/xcolor.sty
Package: xcolor 2022/06/12 v2.14 LaTeX color extensions (UK)
(c:/Users/ANDRESARREDONDOCRUZ/AppData/Roaming/TinyTeX/texmf-dist/tex/latex/graphics-cfg/color.cfg
File: color.cfg 2016/01/02 v1.6 sample color configuration
)
Package xcolor Info: Driver file: pdftex.def on input line 227.
(c:/Users/ANDRESARREDONDOCRUZ/AppData/Roaming/TinyTeX/texmf-dist/tex/latex/graphics-def/pdftex.def
File: pdftex.def 2020/10/05 v1.2a Graphics/color driver for pdftex
) (c:/Users/ANDRESARREDONDOCRUZ/AppData/Roaming/TinyTeX/texmf-dist/tex/latex/graphics/mathcolor.ltx)
Package xcolor Info: Model `cmy' substituted by `cmy0' on input line 1353.
Package xcolor Info: Model `hsb' substituted by `rgb' on input line 1357.
Package xcolor Info: Model `RGB' extended on input line 1369.
Package xcolor Info: Model `HTML' substituted by `rgb' on input line 1371.
Package xcolor Info: Model `Hsb' substituted by `hsb' on input line 1372.
Package xcolor Info: Model `tHsb' substituted by `hsb' on input line 1373.
Package xcolor Info: Model `HSB' substituted by `hsb' on input line 1374.
Package xcolor Info: Model `Gray' substituted by `gray' on input line 1375.
Package xcolor Info: Model `wave' substituted by `hsb' on input line 1376.
) (c:/Users/ANDRESARREDONDOCRUZ/AppData/Roaming/TinyTeX/texmf-dist/tex/latex/geometry/geometry.sty
Package: geometry 2020/01/02 v5.9 Page Geometry
(c:/Users/ANDRESARREDONDOCRUZ/AppData/Roaming/TinyTeX/texmf-dist/tex/latex/graphics/keyval.sty
Package: keyval 2022/05/29 v1.15 key=value parser (DPC)
\KV@toks@=\toks23
) (c:/Users/ANDRESARREDONDOCRUZ/AppData/Roaming/TinyTeX/texmf-dist/tex/generic/iftex/ifvtex.sty
Package: ifvtex 2019/10/25 v1.7 ifvtex legacy package. Use iftex instead.
)
\Gm@cnth=\count271
\Gm@cntv=\count272
\c@Gm@tempcnt=\count273
\Gm@bindingoffset=\dimen148
\Gm@wd@mp=\dimen149
\Gm@odd@mp=\dimen150
\Gm@even@mp=\dimen151
\Gm@layoutwidth=\dimen152
\Gm@layoutheight=\dimen153
\Gm@layouthoffset=\dimen154
\Gm@layoutvoffset=\dimen155
\Gm@dimlist=\toks24
) (c:/Users/ANDRESARREDONDOCRUZ/AppData/Roaming/TinyTeX/texmf-dist/tex/latex/fancyvrb/fancyvrb.sty
Package: fancyvrb 2022/06/06 4.5 verbatim text (tvz,hv)
\FV@CodeLineNo=\count274
\FV@InFile=\read2
\FV@TabBox=\box53
\c@FancyVerbLine=\count275
\FV@StepNumber=\count276
\FV@OutFile=\write3
) (c:/Users/ANDRESARREDONDOCRUZ/AppData/Roaming/TinyTeX/texmf-dist/tex/latex/framed/framed.sty
Package: framed 2011/10/22 v 0.96: framed or shaded text with page breaks
\OuterFrameSep=\skip52
\fb@frw=\dimen156
\fb@frh=\dimen157
\FrameRule=\dimen158
\FrameSep=\dimen159
) (c:/Users/ANDRESARREDONDOCRUZ/AppData/Roaming/TinyTeX/texmf-dist/tex/latex/tools/longtable.sty
Package: longtable 2021-09-01 v4.17 Multi-page Table package (DPC)
\LTleft=\skip53
\LTright=\skip54
\LTpre=\skip55
\LTpost=\skip56
\LTchunksize=\count277
\LTcapwidth=\dimen160
\LT@head=\box54
\LT@firsthead=\box55
\LT@foot=\box56
\LT@lastfoot=\box57
\LT@gbox=\box58
\LT@cols=\count278
\LT@rows=\count279
\c@LT@tables=\count280
\c@LT@chunks=\count281
\LT@p@ftn=\toks25
) (c:/Users/ANDRESARREDONDOCRUZ/AppData/Roaming/TinyTeX/texmf-dist/tex/latex/booktabs/booktabs.sty
Package: booktabs 2020/01/12 v1.61803398 Publication quality tables
\heavyrulewidth=\dimen161
\lightrulewidth=\dimen162
\cmidrulewidth=\dimen163
\belowrulesep=\dimen164
\belowbottomsep=\dimen165
\aboverulesep=\dimen166
\abovetopsep=\dimen167
\cmidrulesep=\dimen168
\cmidrulekern=\dimen169
\defaultaddspace=\dimen170
\@cmidla=\count282
\@cmidlb=\count283
\@aboverulesep=\dimen171
\@belowrulesep=\dimen172
\@thisruleclass=\count284
\@lastruleclass=\count285
\@thisrulewidth=\dimen173
) (c:/Users/ANDRESARREDONDOCRUZ/AppData/Roaming/TinyTeX/texmf-dist/tex/latex/tools/array.sty
Package: array 2022/03/10 v2.5f Tabular extension package (FMi)
\col@sep=\dimen174
\ar@mcellbox=\box59
\extrarowheight=\dimen175
\NC@list=\toks26
\extratabsurround=\skip57
\backup@length=\skip58
\ar@cellbox=\box60
) (c:/Users/ANDRESARREDONDOCRUZ/AppData/Roaming/TinyTeX/texmf-dist/tex/latex/tools/calc.sty
Package: calc 2017/05/25 v4.3 Infix arithmetic (KKT,FJ)
\calc@Acount=\count286
\calc@Bcount=\count287
\calc@Adimen=\dimen176
\calc@Bdimen=\dimen177
\calc@Askip=\skip59
\calc@Bskip=\skip60
LaTeX Info: Redefining \setlength on input line 80.
LaTeX Info: Redefining \addtolength on input line 81.
\calc@Ccount=\count288
\calc@Cskip=\skip61
) (c:/Users/ANDRESARREDONDOCRUZ/AppData/Roaming/TinyTeX/texmf-dist/tex/latex/etoolbox/etoolbox.sty
Package: etoolbox 2020/10/05 v2.5k e-TeX tools for LaTeX (JAW)
\etb@tempcnta=\count289
) (c:/Users/ANDRESARREDONDOCRUZ/AppData/Roaming/TinyTeX/texmf-dist/tex/latex/mdwtools/footnote.sty
Package: footnote 1997/01/28 1.13 Save footnotes around boxes
\fn@notes=\box61
\fn@width=\dimen178
) (c:/Users/ANDRESARREDONDOCRUZ/AppData/Roaming/TinyTeX/texmf-dist/tex/latex/graphics/graphicx.sty
Package: graphicx 2021/09/16 v1.2d Enhanced LaTeX Graphics (DPC,SPQR)
(c:/Users/ANDRESARREDONDOCRUZ/AppData/Roaming/TinyTeX/texmf-dist/tex/latex/graphics/graphics.sty
Package: graphics 2022/03/10 v1.4e Standard LaTeX Graphics (DPC,SPQR)
(c:/Users/ANDRESARREDONDOCRUZ/AppData/Roaming/TinyTeX/texmf-dist/tex/latex/graphics/trig.sty
Package: trig 2021/08/11 v1.11 sin cos tan (DPC)
) (c:/Users/ANDRESARREDONDOCRUZ/AppData/Roaming/TinyTeX/texmf-dist/tex/latex/graphics-cfg/graphics.cfg
File: graphics.cfg 2016/06/04 v1.11 sample graphics configuration
)
Package graphics Info: Driver file: pdftex.def on input line 107.
)
\Gin@req@height=\dimen179
\Gin@req@width=\dimen180
) (c:/Users/ANDRESARREDONDOCRUZ/AppData/Roaming/TinyTeX/texmf-dist/tex/latex/mathtools/mathtools.sty
Package: mathtools 2022/06/29 v1.29 mathematical typesetting tools
(c:/Users/ANDRESARREDONDOCRUZ/AppData/Roaming/TinyTeX/texmf-dist/tex/latex/mathtools/mhsetup.sty
Package: mhsetup 2021/03/18 v1.4 programming setup (MH)
)
\g_MT_multlinerow_int=\count290
\l_MT_multwidth_dim=\dimen181
\origjot=\skip62
\l_MT_shortvdotswithinadjustabove_dim=\dimen182
\l_MT_shortvdotswithinadjustbelow_dim=\dimen183
\l_MT_above_intertext_sep=\dimen184
\l_MT_below_intertext_sep=\dimen185
\l_MT_above_shortintertext_sep=\dimen186
\l_MT_below_shortintertext_sep=\dimen187
\xmathstrut@box=\box62
\xmathstrut@dim=\dimen188
) (c:/Users/ANDRESARREDONDOCRUZ/AppData/Roaming/TinyTeX/texmf-dist/tex/latex/amscls/amsthm.sty
Package: amsthm 2020/05/29 v2.20.6
\thm@style=\toks27
\thm@bodyfont=\toks28
\thm@headfont=\toks29
\thm@notefont=\toks30
\thm@headpunct=\toks31
\thm@preskip=\skip63
\thm@postskip=\skip64
\thm@headsep=\skip65
\dth@everypar=\toks32
) (c:/Users/ANDRESARREDONDOCRUZ/AppData/Roaming/TinyTeX/texmf-dist/tex/latex/amsfonts/eufrak.sty

Package eufrak Warning: The eufrak package is redundant if the amsfonts package is used on input line 36.

) (c:/Users/ANDRESARREDONDOCRUZ/AppData/Roaming/TinyTeX/texmf-dist/tex/latex/jknapltx/mathrsfs.sty
Package: mathrsfs 1996/01/01 Math RSFS package v1.0 (jk)
\symrsfs=\mathgroup6
) (c:/Users/ANDRESARREDONDOCRUZ/AppData/Roaming/TinyTeX/texmf-dist/tex/generic/babel/babel.sty
Package: babel 2022/08/29 3.79 The Babel package
\babel@savecnt=\count291
\U@D=\dimen189
\l@unhyphenated=\language4
(c:/Users/ANDRESARREDONDOCRUZ/AppData/Roaming/TinyTeX/texmf-dist/tex/generic/babel/txtbabel.def)
\bbl@readstream=\read3
\bbl@dirlevel=\count292
(c:/Users/ANDRESARREDONDOCRUZ/AppData/Roaming/TinyTeX/texmf-dist/tex/generic/babel-spanish/spanish.ldf
Language: spanish.ldf 2021/05/27 v5.0q Spanish support from the babel system
\es@quottoks=\toks33
\es@quotdepth=\count293
Package babel Info: Making " an active character on input line 570.
Package babel Info: Making . an active character on input line 675.
Package babel Info: Making < an active character on input line 722.
Package babel Info: Making > an active character on input line 722.
)) (c:/Users/ANDRESARREDONDOCRUZ/AppData/Roaming/TinyTeX/texmf-dist/tex/generic/babel/locale/es/babel-spanish.tex
Package babel Info: Importing font and identification data for spanish
(babel)             from babel-es.ini. Reported on input line 11.
) (c:/Users/ANDRESARREDONDOCRUZ/AppData/Roaming/TinyTeX/texmf-dist/tex/latex/fancyhdr/fancyhdr.sty
Package: fancyhdr 2022/05/18 v4.0.3 Extensive control of page headers and footers
\f@nch@headwidth=\skip66
\f@nch@O@elh=\skip67
\f@nch@O@erh=\skip68
\f@nch@O@olh=\skip69
\f@nch@O@orh=\skip70
\f@nch@O@elf=\skip71
\f@nch@O@erf=\skip72
\f@nch@O@olf=\skip73
\f@nch@O@orf=\skip74
) (c:/Users/ANDRESARREDONDOCRUZ/AppData/Roaming/TinyTeX/texmf-dist/tex/latex/subfigure/subfigure.sty
Package: subfigure 2002/03/15 v2.1.5 subfigure package
\subfigtopskip=\skip75
\subfigcapskip=\skip76
\subfigcaptopadj=\dimen190
\subfigbottomskip=\skip77
\subfigcapmargin=\dimen191
\subfiglabelskip=\skip78
\c@subfigure=\count294
\c@lofdepth=\count295
\c@subtable=\count296
\c@lotdepth=\count297
****************************************
* Local config file subfigure.cfg used *
****************************************
(c:/Users/ANDRESARREDONDOCRUZ/AppData/Roaming/TinyTeX/texmf-dist/tex/latex/subfigure/subfigure.cfg)
\subfig@top=\skip79
\subfig@bottom=\skip80
) (c:/Users/ANDRESARREDONDOCRUZ/AppData/Roaming/TinyTeX/texmf-dist/tex/latex/float/float.sty
Package: float 2001/11/08 v1.3d Float enhancements (AL)
\c@float@type=\count298
\float@exts=\toks34
\float@box=\box63
\@float@everytoks=\toks35
\@floatcapt=\box64
) (c:/Users/ANDRESARREDONDOCRUZ/AppData/Roaming/TinyTeX/texmf-dist/tex/latex/multirow/multirow.sty
Package: multirow 2021/03/15 v2.8 Span multiple rows of a table
\multirow@colwidth=\skip81
\multirow@cntb=\count299
\multirow@dima=\skip82
\bigstrutjot=\dimen192
) (c:/Users/ANDRESARREDONDOCRUZ/AppData/Roaming/TinyTeX/texmf-dist/tex/latex/wrapfig/wrapfig.sty
\wrapoverhang=\dimen193
\WF@size=\dimen194
\c@WF@wrappedlines=\count300
\WF@box=\box65
\WF@everypar=\toks36
Package: wrapfig 2003/01/31  v 3.6
) (c:/Users/ANDRESARREDONDOCRUZ/AppData/Roaming/TinyTeX/texmf-dist/tex/latex/colortbl/colortbl.sty
Package: colortbl 2022/06/20 v1.0f Color table columns (DPC)
\everycr=\toks37
\minrowclearance=\skip83
\rownum=\count301
) (c:/Users/ANDRESARREDONDOCRUZ/AppData/Roaming/TinyTeX/texmf-dist/tex/latex/pdflscape/pdflscape.sty
Package: pdflscape 2019/12/05 v0.12 Display of landscape pages in PDF (HO)
(c:/Users/ANDRESARREDONDOCRUZ/AppData/Roaming/TinyTeX/texmf-dist/tex/latex/graphics/lscape.sty
Package: lscape 2020/05/28 v3.02 Landscape Pages (DPC)
)
Package pdflscape Info: Auto-detected driver: pdftex on input line 81.
) (c:/Users/ANDRESARREDONDOCRUZ/AppData/Roaming/TinyTeX/texmf-dist/tex/latex/tabu/tabu.sty
Package: tabu 2019/01/11 v2.9 - flexible LaTeX tabulars (FC+tabu-fixed)
(c:/Users/ANDRESARREDONDOCRUZ/AppData/Roaming/TinyTeX/texmf-dist/tex/latex/varwidth/varwidth.sty
Package: varwidth 2009/03/30 ver 0.92;  Variable-width minipages
\@vwid@box=\box66
\sift@deathcycles=\count302
\@vwid@loff=\dimen195
\@vwid@roff=\dimen196
)
\c@taburow=\count303
\tabu@nbcols=\count304
\tabu@cnt=\count305
\tabu@Xcol=\count306
\tabu@alloc=\count307
\tabu@nested=\count308
\tabu@target=\dimen197
\tabu@spreadtarget=\dimen198
\tabu@naturalX=\dimen199
\tabucolX=\dimen256
\tabu@Xsum=\dimen257
\extrarowdepth=\dimen258
\abovetabulinesep=\dimen259
\belowtabulinesep=\dimen260
\tabustrutrule=\dimen261
\tabu@thebody=\toks38
\tabu@footnotes=\toks39
\tabu@box=\box67
\tabu@arstrutbox=\box68
\tabu@hleads=\box69
\tabu@vleads=\box70
\tabu@cellskip=\skip84
) (c:/Users/ANDRESARREDONDOCRUZ/AppData/Roaming/TinyTeX/texmf-dist/tex/latex/threeparttable/threeparttable.sty
Package: threeparttable 2003/06/13  v 3.0
\@tempboxb=\box71
) (c:/Users/ANDRESARREDONDOCRUZ/AppData/Roaming/TinyTeX/texmf-dist/tex/latex/threeparttablex/threeparttablex.sty
Package: threeparttablex 2013/07/23 v0.3 by daleif
(c:/Users/ANDRESARREDONDOCRUZ/AppData/Roaming/TinyTeX/texmf-dist/tex/latex/environ/environ.sty
Package: environ 2014/05/04 v0.3 A new way to define environments
(c:/Users/ANDRESARREDONDOCRUZ/AppData/Roaming/TinyTeX/texmf-dist/tex/latex/trimspaces/trimspaces.sty
Package: trimspaces 2009/09/17 v1.1 Trim spaces around a token list
))
\TPTL@width=\skip85
) (c:/Users/ANDRESARREDONDOCRUZ/AppData/Roaming/TinyTeX/texmf-dist/tex/generic/ulem/ulem.sty
\UL@box=\box72
\UL@hyphenbox=\box73
\UL@skip=\skip86
\UL@hook=\toks40
\UL@height=\dimen262
\UL@pe=\count309
\UL@pixel=\dimen263
\ULC@box=\box74
Package: ulem 2019/11/18
\ULdepth=\dimen264
) (c:/Users/ANDRESARREDONDOCRUZ/AppData/Roaming/TinyTeX/texmf-dist/tex/latex/makecell/makecell.sty
Package: makecell 2009/08/03 V0.1e Managing of Tab Column Heads and Cells
\rotheadsize=\dimen265
\c@nlinenum=\count310
\TeXr@lab=\toks41
)
\c@teorema=\count311
\c@definicion=\count312
\c@nota=\count313
   defining Unicode char U+2212 (decimal 8722)
(c:/Users/ANDRESARREDONDOCRUZ/AppData/Roaming/TinyTeX/texmf-dist/tex/latex/hyperref/hyperref.sty
Package: hyperref 2022-06-20 v7.00s Hypertext links for LaTeX
(c:/Users/ANDRESARREDONDOCRUZ/AppData/Roaming/TinyTeX/texmf-dist/tex/generic/ltxcmds/ltxcmds.sty
Package: ltxcmds 2020-05-10 v1.25 LaTeX kernel commands for general use (HO)
) (c:/Users/ANDRESARREDONDOCRUZ/AppData/Roaming/TinyTeX/texmf-dist/tex/generic/pdftexcmds/pdftexcmds.sty
Package: pdftexcmds 2020-06-27 v0.33 Utility functions of pdfTeX for LuaTeX (HO)
(c:/Users/ANDRESARREDONDOCRUZ/AppData/Roaming/TinyTeX/texmf-dist/tex/generic/infwarerr/infwarerr.sty
Package: infwarerr 2019/12/03 v1.5 Providing info/warning/error messages (HO)
)
Package pdftexcmds Info: \pdf@primitive is available.
Package pdftexcmds Info: \pdf@ifprimitive is available.
Package pdftexcmds Info: \pdfdraftmode found.
) (c:/Users/ANDRESARREDONDOCRUZ/AppData/Roaming/TinyTeX/texmf-dist/tex/generic/kvsetkeys/kvsetkeys.sty
Package: kvsetkeys 2019/12/15 v1.18 Key value parser (HO)
) (c:/Users/ANDRESARREDONDOCRUZ/AppData/Roaming/TinyTeX/texmf-dist/tex/generic/kvdefinekeys/kvdefinekeys.sty
Package: kvdefinekeys 2019-12-19 v1.6 Define keys (HO)
) (c:/Users/ANDRESARREDONDOCRUZ/AppData/Roaming/TinyTeX/texmf-dist/tex/generic/pdfescape/pdfescape.sty
Package: pdfescape 2019/12/09 v1.15 Implements pdfTeX's escape features (HO)
) (c:/Users/ANDRESARREDONDOCRUZ/AppData/Roaming/TinyTeX/texmf-dist/tex/latex/hycolor/hycolor.sty
Package: hycolor 2020-01-27 v1.10 Color options for hyperref/bookmark (HO)
) (c:/Users/ANDRESARREDONDOCRUZ/AppData/Roaming/TinyTeX/texmf-dist/tex/latex/letltxmacro/letltxmacro.sty
Package: letltxmacro 2019/12/03 v1.6 Let assignment for LaTeX macros (HO)
) (c:/Users/ANDRESARREDONDOCRUZ/AppData/Roaming/TinyTeX/texmf-dist/tex/latex/auxhook/auxhook.sty
Package: auxhook 2019-12-17 v1.6 Hooks for auxiliary files (HO)
) (c:/Users/ANDRESARREDONDOCRUZ/AppData/Roaming/TinyTeX/texmf-dist/tex/latex/hyperref/nameref.sty
Package: nameref 2022-05-17 v2.50 Cross-referencing by name of section
(c:/Users/ANDRESARREDONDOCRUZ/AppData/Roaming/TinyTeX/texmf-dist/tex/latex/refcount/refcount.sty
Package: refcount 2019/12/15 v3.6 Data extraction from label references (HO)
) (c:/Users/ANDRESARREDONDOCRUZ/AppData/Roaming/TinyTeX/texmf-dist/tex/generic/gettitlestring/gettitlestring.sty
Package: gettitlestring 2019/12/15 v1.6 Cleanup title references (HO)
(c:/Users/ANDRESARREDONDOCRUZ/AppData/Roaming/TinyTeX/texmf-dist/tex/latex/kvoptions/kvoptions.sty
Package: kvoptions 2022-06-15 v3.15 Key value format for package options (HO)
))
\c@section@level=\count314
)
\@linkdim=\dimen266
\Hy@linkcounter=\count315
\Hy@pagecounter=\count316
(c:/Users/ANDRESARREDONDOCRUZ/AppData/Roaming/TinyTeX/texmf-dist/tex/latex/hyperref/pd1enc.def
File: pd1enc.def 2022-06-20 v7.00s Hyperref: PDFDocEncoding definition (HO)
Now handling font encoding PD1 ...
... no UTF-8 mapping file for font encoding PD1
) (c:/Users/ANDRESARREDONDOCRUZ/AppData/Roaming/TinyTeX/texmf-dist/tex/generic/intcalc/intcalc.sty
Package: intcalc 2019/12/15 v1.3 Expandable calculations with integers (HO)
) (c:/Users/ANDRESARREDONDOCRUZ/AppData/Roaming/TinyTeX/texmf-dist/tex/generic/etexcmds/etexcmds.sty
Package: etexcmds 2019/12/15 v1.7 Avoid name clashes with e-TeX commands (HO)
)
\Hy@SavedSpaceFactor=\count317
(c:/Users/ANDRESARREDONDOCRUZ/AppData/Roaming/TinyTeX/texmf-dist/tex/latex/hyperref/puenc.def
File: puenc.def 2022-06-20 v7.00s Hyperref: PDF Unicode definition (HO)
Now handling font encoding PU ...
... no UTF-8 mapping file for font encoding PU
)
Package hyperref Info: Option `unicode' set `true' on input line 4045.
Package hyperref Info: Hyper figures OFF on input line 4162.
Package hyperref Info: Link nesting OFF on input line 4167.
Package hyperref Info: Hyper index ON on input line 4170.
Package hyperref Info: Plain pages OFF on input line 4177.
Package hyperref Info: Backreferencing OFF on input line 4182.
Package hyperref Info: Implicit mode ON; LaTeX internals redefined.
Package hyperref Info: Bookmarks ON on input line 4408.
\c@Hy@tempcnt=\count318
(c:/Users/ANDRESARREDONDOCRUZ/AppData/Roaming/TinyTeX/texmf-dist/tex/latex/url/url.sty
\Urlmuskip=\muskip17
Package: url 2013/09/16  ver 3.4  Verb mode for urls, etc.
)
LaTeX Info: Redefining \url on input line 4746.
\XeTeXLinkMargin=\dimen267
(c:/Users/ANDRESARREDONDOCRUZ/AppData/Roaming/TinyTeX/texmf-dist/tex/generic/bitset/bitset.sty
Package: bitset 2019/12/09 v1.3 Handle bit-vector datatype (HO)
(c:/Users/ANDRESARREDONDOCRUZ/AppData/Roaming/TinyTeX/texmf-dist/tex/generic/bigintcalc/bigintcalc.sty
Package: bigintcalc 2019/12/15 v1.5 Expandable calculations on big integers (HO)
))
\Fld@menulength=\count319
\Field@Width=\dimen268
\Fld@charsize=\dimen269
Package hyperref Info: Hyper figures OFF on input line 6024.
Package hyperref Info: Link nesting OFF on input line 6029.
Package hyperref Info: Hyper index ON on input line 6032.
Package hyperref Info: backreferencing OFF on input line 6039.
Package hyperref Info: Link coloring OFF on input line 6044.
Package hyperref Info: Link coloring with OCG OFF on input line 6049.
Package hyperref Info: PDF/A mode OFF on input line 6054.
(c:/Users/ANDRESARREDONDOCRUZ/AppData/Roaming/TinyTeX/texmf-dist/tex/latex/base/atbegshi-ltx.sty
Package: atbegshi-ltx 2021/01/10 v1.0c Emulation of the original atbegshi
package with kernel methods
)
\Hy@abspage=\count320
\c@Item=\count321
\c@Hfootnote=\count322
)
Package hyperref Info: Driver (autodetected): hpdftex.
(c:/Users/ANDRESARREDONDOCRUZ/AppData/Roaming/TinyTeX/texmf-dist/tex/latex/hyperref/hpdftex.def
File: hpdftex.def 2022-06-20 v7.00s Hyperref driver for pdfTeX
(c:/Users/ANDRESARREDONDOCRUZ/AppData/Roaming/TinyTeX/texmf-dist/tex/latex/base/atveryend-ltx.sty
Package: atveryend-ltx 2020/08/19 v1.0a Emulation of the original atveryend package
with kernel methods
)
\Fld@listcount=\count323
\c@bookmark@seq@number=\count324
(c:/Users/ANDRESARREDONDOCRUZ/AppData/Roaming/TinyTeX/texmf-dist/tex/latex/rerunfilecheck/rerunfilecheck.sty
Package: rerunfilecheck 2022-07-10 v1.10 Rerun checks for auxiliary files (HO)
(c:/Users/ANDRESARREDONDOCRUZ/AppData/Roaming/TinyTeX/texmf-dist/tex/generic/uniquecounter/uniquecounter.sty
Package: uniquecounter 2019/12/15 v1.4 Provide unlimited unique counter (HO)
)
Package uniquecounter Info: New unique counter `rerunfilecheck' on input line 285.
)
\Hy@SectionHShift=\skip87
) (c:/Users/ANDRESARREDONDOCRUZ/AppData/Roaming/TinyTeX/texmf-dist/tex/latex/l3backend/l3backend-pdftex.def
File: l3backend-pdftex.def 2022-08-30 L3 backend support: PDF output (pdfTeX)
\l__color_backend_stack_int=\count325
\l__pdf_internal_box=\box75
) (./Chapter8.aux
LaTeX Info: Redefining \. on input line 22.
LaTeX Info: Redefining \% on input line 22.
)
\openout1 = `Chapter8.aux'.

LaTeX Font Info:    Checking defaults for OML/cmm/m/it on input line 159.
LaTeX Font Info:    ... okay on input line 159.
LaTeX Font Info:    Checking defaults for OMS/cmsy/m/n on input line 159.
LaTeX Font Info:    ... okay on input line 159.
LaTeX Font Info:    Checking defaults for OT1/cmr/m/n on input line 159.
LaTeX Font Info:    ... okay on input line 159.
LaTeX Font Info:    Checking defaults for T1/cmr/m/n on input line 159.
LaTeX Font Info:    ... okay on input line 159.
LaTeX Font Info:    Checking defaults for TS1/cmr/m/n on input line 159.
LaTeX Font Info:    ... okay on input line 159.
LaTeX Font Info:    Checking defaults for OMX/cmex/m/n on input line 159.
LaTeX Font Info:    ... okay on input line 159.
LaTeX Font Info:    Checking defaults for U/cmr/m/n on input line 159.
LaTeX Font Info:    ... okay on input line 159.
LaTeX Font Info:    Checking defaults for PD1/pdf/m/n on input line 159.
LaTeX Font Info:    ... okay on input line 159.
LaTeX Font Info:    Checking defaults for PU/pdf/m/n on input line 159.
LaTeX Font Info:    ... okay on input line 159.
(c:/Users/ANDRESARREDONDOCRUZ/AppData/Roaming/TinyTeX/texmf-dist/tex/latex/epstopdf-pkg/epstopdf-base.sty
Package: epstopdf-base 2020-01-24 v2.11 Base part for package epstopdf
Package epstopdf-base Info: Redefining graphics rule for `.eps' on input line 485.
(c:/Users/ANDRESARREDONDOCRUZ/AppData/Roaming/TinyTeX/texmf-dist/tex/latex/latexconfig/epstopdf-sys.cfg
File: epstopdf-sys.cfg 2010/07/13 v1.3 Configuration of (r)epstopdf for TeX Live
))
*geometry* driver: auto-detecting
*geometry* detected driver: pdftex
*geometry* verbose mode - [ preamble ] result:
* driver: pdftex
* paper: <default>
* layout: <same size as paper>
* layoutoffset:(h,v)=(0.0pt,0.0pt)
* modes: 
* h-part:(L,W,R)=(72.26999pt, 469.75502pt, 72.26999pt)
* v-part:(T,H,B)=(72.26999pt, 650.43001pt, 72.26999pt)
* \paperwidth=614.295pt
* \paperheight=794.96999pt
* \textwidth=469.75502pt
* \textheight=650.43001pt
* \oddsidemargin=0.0pt
* \evensidemargin=0.0pt
* \topmargin=-37.0pt
* \headheight=12.0pt
* \headsep=25.0pt
* \topskip=10.0pt
* \footskip=30.0pt
* \marginparwidth=65.0pt
* \marginparsep=11.0pt
* \columnsep=10.0pt
* \skip\footins=9.0pt plus 4.0pt minus 2.0pt
* \hoffset=0.0pt
* \voffset=0.0pt
* \mag=1000
* \@twocolumnfalse
* \@twosidefalse
* \@mparswitchfalse
* \@reversemarginfalse
* (1in=72.27pt=25.4mm, 1cm=28.453pt)

LaTeX Info: Redefining \. on input line 159.
LaTeX Info: Redefining \% on input line 159.
Package hyperref Info: Link coloring OFF on input line 159.
(./Chapter8.out) (./Chapter8.out)
\@outlinefile=\write4
\openout4 = `Chapter8.out'.

LaTeX Font Info:    Trying to load font information for OT1+lmr on input line 177.
(c:/Users/ANDRESARREDONDOCRUZ/AppData/Roaming/TinyTeX/texmf-dist/tex/latex/lm/ot1lmr.fd
File: ot1lmr.fd 2015/05/01 v1.6.1 Font defs for Latin Modern
)
LaTeX Font Info:    Trying to load font information for OML+lmm on input line 177.
(c:/Users/ANDRESARREDONDOCRUZ/AppData/Roaming/TinyTeX/texmf-dist/tex/latex/lm/omllmm.fd
File: omllmm.fd 2015/05/01 v1.6.1 Font defs for Latin Modern
)
LaTeX Font Info:    Trying to load font information for OMS+lmsy on input line 177.
(c:/Users/ANDRESARREDONDOCRUZ/AppData/Roaming/TinyTeX/texmf-dist/tex/latex/lm/omslmsy.fd
File: omslmsy.fd 2015/05/01 v1.6.1 Font defs for Latin Modern
)
LaTeX Font Info:    Trying to load font information for OMX+lmex on input line 177.
(c:/Users/ANDRESARREDONDOCRUZ/AppData/Roaming/TinyTeX/texmf-dist/tex/latex/lm/omxlmex.fd
File: omxlmex.fd 2015/05/01 v1.6.1 Font defs for Latin Modern
)
LaTeX Font Info:    External font `lmex10' loaded for size
(Font)              <12> on input line 177.
LaTeX Font Info:    External font `lmex10' loaded for size
(Font)              <8> on input line 177.
LaTeX Font Info:    External font `lmex10' loaded for size
(Font)              <6> on input line 177.
LaTeX Font Info:    Trying to load font information for U+msa on input line 177.
(c:/Users/ANDRESARREDONDOCRUZ/AppData/Roaming/TinyTeX/texmf-dist/tex/latex/amsfonts/umsa.fd
File: umsa.fd 2013/01/14 v3.01 AMS symbols A
)
LaTeX Font Info:    Trying to load font information for U+msb on input line 177.
(c:/Users/ANDRESARREDONDOCRUZ/AppData/Roaming/TinyTeX/texmf-dist/tex/latex/amsfonts/umsb.fd
File: umsb.fd 2013/01/14 v3.01 AMS symbols B
)
LaTeX Font Info:    Trying to load font information for U+rsfs on input line 177.
(c:/Users/ANDRESARREDONDOCRUZ/AppData/Roaming/TinyTeX/texmf-dist/tex/latex/jknapltx/ursfs.fd
File: ursfs.fd 1998/03/24 rsfs font definition file (jk)
) [1

{c:/Users/ANDRESARREDONDOCRUZ/AppData/Roaming/TinyTeX/texmf-var/fonts/map/pdftex/updmap/pdftex.map}] [2] (./Chapter8.toc
LaTeX Info: Redefining \. on input line 1.
LaTeX Info: Redefining \% on input line 1.
LaTeX Font Info:    External font `lmex10' loaded for size
(Font)              <10> on input line 3.
LaTeX Font Info:    External font `lmex10' loaded for size
(Font)              <7> on input line 3.
LaTeX Font Info:    External font `lmex10' loaded for size
(Font)              <5> on input line 3.
)
\tf@toc=\write5
\openout5 = `Chapter8.toc'.

[3]
LaTeX Font Info:    Trying to load font information for T1+lmtt on input line 226.
(c:/Users/ANDRESARREDONDOCRUZ/AppData/Roaming/TinyTeX/texmf-dist/tex/latex/lm/t1lmtt.fd
File: t1lmtt.fd 2015/05/01 v1.6.1 Font defs for Latin Modern
) [4] [5]
<Chapter8_files/figure-latex/unnamed-chunk-9-1.pdf, id=125, 469.755pt x 325.215pt>
File: Chapter8_files/figure-latex/unnamed-chunk-9-1.pdf Graphic file (type pdf)
<use Chapter8_files/figure-latex/unnamed-chunk-9-1.pdf>
Package pdftex.def Info: Chapter8_files/figure-latex/unnamed-chunk-9-1.pdf  used on input line 417.
(pdftex.def)             Requested size: 469.75386pt x 325.2142pt.
[6]
Overfull \hbox (70.99341pt too wide) in paragraph at lines 443--443
[]\T1/lmtt/m/n/10 ## alternative hypothesis: true difference in means between group Vdr-/- and group WT is not equal to 0[] 
 []

[7 <./Chapter8_files/figure-latex/unnamed-chunk-9-1.pdf>] [8] [9]
<Chapter8_files/figure-latex/unnamed-chunk-17-1.pdf, id=152, 469.755pt x 325.215pt>
File: Chapter8_files/figure-latex/unnamed-chunk-17-1.pdf Graphic file (type pdf)
<use Chapter8_files/figure-latex/unnamed-chunk-17-1.pdf>
Package pdftex.def Info: Chapter8_files/figure-latex/unnamed-chunk-17-1.pdf  used on input line 643.
(pdftex.def)             Requested size: 469.75386pt x 325.2142pt.
[10 <./Chapter8_files/figure-latex/unnamed-chunk-17-1.pdf>]
<Chapter8_files/figure-latex/unnamed-chunk-18-1.pdf, id=165, 469.755pt x 325.215pt>
File: Chapter8_files/figure-latex/unnamed-chunk-18-1.pdf Graphic file (type pdf)
<use Chapter8_files/figure-latex/unnamed-chunk-18-1.pdf>
Package pdftex.def Info: Chapter8_files/figure-latex/unnamed-chunk-18-1.pdf  used on input line 653.
(pdftex.def)             Requested size: 469.75386pt x 325.2142pt.
<Chapter8_files/figure-latex/unnamed-chunk-19-1.pdf, id=166, 469.755pt x 325.215pt>
File: Chapter8_files/figure-latex/unnamed-chunk-19-1.pdf Graphic file (type pdf)
<use Chapter8_files/figure-latex/unnamed-chunk-19-1.pdf>
Package pdftex.def Info: Chapter8_files/figure-latex/unnamed-chunk-19-1.pdf  used on input line 664.
(pdftex.def)             Requested size: 469.75386pt x 325.2142pt.
[11 <./Chapter8_files/figure-latex/unnamed-chunk-18-1.pdf>] [12 <./Chapter8_files/figure-latex/unnamed-chunk-19-1.pdf>] [13] [14] [15] [16] [17] [18] [19]
<Chapter8_files/figure-latex/unnamed-chunk-29-1.pdf, id=225, 867.24pt x 578.16pt>
File: Chapter8_files/figure-latex/unnamed-chunk-29-1.pdf Graphic file (type pdf)
<use Chapter8_files/figure-latex/unnamed-chunk-29-1.pdf>
Package pdftex.def Info: Chapter8_files/figure-latex/unnamed-chunk-29-1.pdf  used on input line 1262.
(pdftex.def)             Requested size: 469.75827pt x 313.17216pt.
[20 <./Chapter8_files/figure-latex/unnamed-chunk-29-1.pdf>]
<Chapter8_files/figure-latex/unnamed-chunk-30-1.pdf, id=237, 867.24pt x 578.16pt>
File: Chapter8_files/figure-latex/unnamed-chunk-30-1.pdf Graphic file (type pdf)
<use Chapter8_files/figure-latex/unnamed-chunk-30-1.pdf>
Package pdftex.def Info: Chapter8_files/figure-latex/unnamed-chunk-30-1.pdf  used on input line 1284.
(pdftex.def)             Requested size: 469.75827pt x 313.17216pt.
<Chapter8_files/figure-latex/unnamed-chunk-30-2.pdf, id=238, 867.24pt x 578.16pt>
File: Chapter8_files/figure-latex/unnamed-chunk-30-2.pdf Graphic file (type pdf)
<use Chapter8_files/figure-latex/unnamed-chunk-30-2.pdf>
Package pdftex.def Info: Chapter8_files/figure-latex/unnamed-chunk-30-2.pdf  used on input line 1300.
(pdftex.def)             Requested size: 469.75827pt x 313.17216pt.
[21 <./Chapter8_files/figure-latex/unnamed-chunk-30-1.pdf>] [22 <./Chapter8_files/figure-latex/unnamed-chunk-30-2.pdf>] [23]
Overfull \hbox (3.46822pt too wide) in paragraph at lines 1542--1542
 []|\T1/lmr/m/n/10 83.16645|
 []


Overfull \hbox (0.84325pt too wide) in paragraph at lines 1542--1542
 []|\T1/lmr/m/n/10 11.583550|
 []


Overfull \hbox (4.65288pt too wide) in paragraph at lines 1543--1543
 []|\T1/lmr/m/n/10 0.2000000|
 []


Overfull \hbox (3.46822pt too wide) in paragraph at lines 1543--1543
 []|\T1/lmr/m/n/10 17.43812|
 []


Overfull \hbox (4.65288pt too wide) in paragraph at lines 1543--1543
 []|\T1/lmr/m/n/10 0.0358109|
 []


Overfull \hbox (0.84325pt too wide) in paragraph at lines 1543--1544
 []|\T1/lmr/m/n/10 0.7569503|
 []


Overfull \hbox (2.21996pt too wide) in paragraph at lines 1544--1544
[]|\T1/lmr/m/n/10 20_12_CeSt- 
 []


Overfull \hbox (3.46822pt too wide) in paragraph at lines 1544--1544
 []|\T1/lmr/m/n/10 57.36833|
 []


Overfull \hbox (4.65288pt too wide) in paragraph at lines 1545--1545
 []|\T1/lmr/m/n/10 0.2000000|
 []


Overfull \hbox (3.46822pt too wide) in paragraph at lines 1545--1545
 []|\T1/lmr/m/n/10 17.85115|
 []


Overfull \hbox (4.65288pt too wide) in paragraph at lines 1545--1545
 []|\T1/lmr/m/n/10 0.0015781|
 []


Overfull \hbox (0.84325pt too wide) in paragraph at lines 1545--1546
 []|\T1/lmr/m/n/10 0.1589021|
 []


Overfull \hbox (3.46822pt too wide) in paragraph at lines 1546--1546
 []|\T1/lmr/m/n/10 83.16645|
 []


Overfull \hbox (4.65288pt too wide) in paragraph at lines 1547--1547
 []|\T1/lmr/m/n/10 0.2000000|
 []


Overfull \hbox (3.46822pt too wide) in paragraph at lines 1547--1547
 []|\T1/lmr/m/n/10 17.74865|
 []


Overfull \hbox (4.65288pt too wide) in paragraph at lines 1547--1547
 []|\T1/lmr/m/n/10 0.0101485|
 []


Overfull \hbox (0.84325pt too wide) in paragraph at lines 1547--1548
 \T1/lmr/m/n/10 0.4029590|
 []


Overfull \hbox (4.65288pt too wide) in paragraph at lines 1548--1548
 []|\T1/lmr/m/n/10 103.27273|
 []


Overfull \hbox (3.46822pt too wide) in paragraph at lines 1548--1548
 []|\T1/lmr/m/n/10 83.16645|
 []


Overfull \hbox (0.84325pt too wide) in paragraph at lines 1548--1548
 []|\T1/lmr/m/n/10 20.106277|
 []


Overfull \hbox (4.65288pt too wide) in paragraph at lines 1549--1549
 []|\T1/lmr/m/n/10 0.2000000|
 []


Overfull \hbox (3.46822pt too wide) in paragraph at lines 1549--1549
 []|\T1/lmr/m/n/10 16.53471|
 []


Overfull \hbox (4.65288pt too wide) in paragraph at lines 1549--1549
 []|\T1/lmr/m/n/10 0.1078934|
 []


Overfull \hbox (0.84325pt too wide) in paragraph at lines 1549--1550
 []|\T1/lmr/m/n/10 1.3138850|
 []


Overfull \hbox (3.46822pt too wide) in paragraph at lines 1550--1550
 []|\T1/lmr/m/n/10 83.16645|
 []


Overfull \hbox (4.65288pt too wide) in paragraph at lines 1551--1551
 []|\T1/lmr/m/n/10 0.2000000|
 []


Overfull \hbox (3.46822pt too wide) in paragraph at lines 1551--1551
 []|\T1/lmr/m/n/10 17.85007|
 []


Overfull \hbox (4.65288pt too wide) in paragraph at lines 1551--1551
 []|\T1/lmr/m/n/10 0.0016683|
 []


Overfull \hbox (0.84325pt too wide) in paragraph at lines 1551--1552
 []|\T1/lmr/m/n/10 0.1633817|
 []


Overfull \hbox (3.46822pt too wide) in paragraph at lines 1552--1552
 []|\T1/lmr/m/n/10 83.16645|
 []


Overfull \hbox (0.84325pt too wide) in paragraph at lines 1552--1552
 \T1/lmr/m/n/10 28.023593|
 []


Overfull \hbox (4.65288pt too wide) in paragraph at lines 1553--1553
 []|\T1/lmr/m/n/10 0.2000000|
 []


Overfull \hbox (3.46822pt too wide) in paragraph at lines 1553--1553
 []|\T1/lmr/m/n/10 15.16886|
 []


Overfull \hbox (4.65288pt too wide) in paragraph at lines 1553--1553
 []|\T1/lmr/m/n/10 0.2095941|
 []


Overfull \hbox (0.84325pt too wide) in paragraph at lines 1553--1554
 \T1/lmr/m/n/10 1.8312579|
 []


Overfull \hbox (3.46822pt too wide) in paragraph at lines 1554--1554
 []|\T1/lmr/m/n/10 70.30556|
 []


Overfull \hbox (4.65288pt too wide) in paragraph at lines 1555--1555
 []|\T1/lmr/m/n/10 0.3333333|
 []


Overfull \hbox (3.46822pt too wide) in paragraph at lines 1555--1555
 []|\T1/lmr/m/n/10 17.65081|
 []


Overfull \hbox (4.65288pt too wide) in paragraph at lines 1555--1555
 []|\T1/lmr/m/n/10 0.0365658|
 []


Overfull \hbox (0.84325pt too wide) in paragraph at lines 1555--1556
 \T1/lmr/m/n/10 0.5408573|
 []


Overfull \hbox (3.46822pt too wide) in paragraph at lines 1556--1556
 []|\T1/lmr/m/n/10 70.30556|
 []


Overfull \hbox (4.65288pt too wide) in paragraph at lines 1557--1557
 []|\T1/lmr/m/n/10 0.3333333|
 []


Overfull \hbox (3.46822pt too wide) in paragraph at lines 1557--1557
 []|\T1/lmr/m/n/10 17.84337|
 []


Overfull \hbox (4.65288pt too wide) in paragraph at lines 1557--1557
 []|\T1/lmr/m/n/10 0.0044605|
 []


Overfull \hbox (0.84325pt too wide) in paragraph at lines 1557--1558
 \T1/lmr/m/n/10 0.1889024|
 []


Overfull \hbox (3.46822pt too wide) in paragraph at lines 1558--1558
 []|\T1/lmr/m/n/10 70.30556|
 []


Overfull \hbox (0.84325pt too wide) in paragraph at lines 1558--1558
 []|\T1/lmr/m/n/10 10.194444|
 []


Overfull \hbox (4.65288pt too wide) in paragraph at lines 1559--1559
 []|\T1/lmr/m/n/10 0.3333333|
 []


Overfull \hbox (3.46822pt too wide) in paragraph at lines 1559--1559
 []|\T1/lmr/m/n/10 17.46893|
 []


Overfull \hbox (4.65288pt too wide) in paragraph at lines 1559--1559
 []|\T1/lmr/m/n/10 0.0665687|
 []


Overfull \hbox (0.84325pt too wide) in paragraph at lines 1559--1560
 []|\T1/lmr/m/n/10 0.7297597|
 []


Overfull \hbox (2.21996pt too wide) in paragraph at lines 1560--1560
[]|\T1/lmr/m/n/10 19_11_CeSt- 
 []


Overfull \hbox (3.46822pt too wide) in paragraph at lines 1560--1560
 []|\T1/lmr/m/n/10 57.36833|
 []


Overfull \hbox (4.65288pt too wide) in paragraph at lines 1561--1561
 []|\T1/lmr/m/n/10 0.2000000|
 []


Overfull \hbox (3.46822pt too wide) in paragraph at lines 1561--1561
 []|\T1/lmr/m/n/10 17.78372|
 []


Overfull \hbox (4.65288pt too wide) in paragraph at lines 1561--1561
 []|\T1/lmr/m/n/10 0.0072213|
 []


Overfull \hbox (0.84325pt too wide) in paragraph at lines 1561--1562
 \T1/lmr/m/n/10 0.3399133|
 []


Overfull \hbox (2.21996pt too wide) in paragraph at lines 1562--1562
[]|\T1/lmr/m/n/10 21_13_CeSt- 
 []


Overfull \hbox (3.46822pt too wide) in paragraph at lines 1562--1562
 []|\T1/lmr/m/n/10 57.36833|
 []


Overfull \hbox (4.65288pt too wide) in paragraph at lines 1563--1563
 []|\T1/lmr/m/n/10 0.2000000|
 []


Overfull \hbox (3.46822pt too wide) in paragraph at lines 1563--1563
 []|\T1/lmr/m/n/10 17.85212|
 []


Overfull \hbox (4.65288pt too wide) in paragraph at lines 1563--1563
 []|\T1/lmr/m/n/10 0.0014970|
 []


Overfull \hbox (0.84325pt too wide) in paragraph at lines 1563--1564
 \T1/lmr/m/n/10 0.1547635|
 []


Overfull \hbox (2.21996pt too wide) in paragraph at lines 1564--1564
[]|\T1/lmr/m/n/10 22_14_CeSt- 
 []


Overfull \hbox (3.46822pt too wide) in paragraph at lines 1564--1564
 []|\T1/lmr/m/n/10 57.36833|
 []


Overfull \hbox (4.65288pt too wide) in paragraph at lines 1565--1565
 []|\T1/lmr/m/n/10 0.2000000|
 []


Overfull \hbox (3.46822pt too wide) in paragraph at lines 1565--1565
 []|\T1/lmr/m/n/10 17.86149|
 []


Overfull \hbox (4.65288pt too wide) in paragraph at lines 1565--1565
 []|\T1/lmr/m/n/10 0.0007105|
 []


Overfull \hbox (0.84325pt too wide) in paragraph at lines 1565--1566
 []|\T1/lmr/m/n/10 0.1066245|
 []


Overfull \hbox (2.21996pt too wide) in paragraph at lines 1566--1566
[]|\T1/lmr/m/n/10 23_15_CeSt- 
 []


Overfull \hbox (3.46822pt too wide) in paragraph at lines 1566--1566
 []|\T1/lmr/m/n/10 57.36833|
 []


Overfull \hbox (4.65288pt too wide) in paragraph at lines 1567--1567
 []|\T1/lmr/m/n/10 0.2000000|
 []


Overfull \hbox (3.46822pt too wide) in paragraph at lines 1567--1567
 []|\T1/lmr/m/n/10 17.83082|
 []


Overfull \hbox (4.65288pt too wide) in paragraph at lines 1567--1567
 []|\T1/lmr/m/n/10 0.0032819|
 []


Overfull \hbox (0.84325pt too wide) in paragraph at lines 1567--1568
 []|\T1/lmr/m/n/10 0.2291502|
 []


Overfull \hbox (2.21996pt too wide) in paragraph at lines 1568--1568
[]|\T1/lmr/m/n/10 25_22_CeSt- 
 []


Overfull \hbox (3.46822pt too wide) in paragraph at lines 1568--1568
 []|\T1/lmr/m/n/10 80.63866|
 []


Overfull \hbox (0.84325pt too wide) in paragraph at lines 1568--1568
 \T1/lmr/m/n/10 29.638655|
 []


Overfull \hbox (4.65288pt too wide) in paragraph at lines 1569--1569
 []|\T1/lmr/m/n/10 0.3333333|
 []


Overfull \hbox (3.46822pt too wide) in paragraph at lines 1569--1569
 []|\T1/lmr/m/n/10 14.12611|
 []


Overfull \hbox (4.65288pt too wide) in paragraph at lines 1569--1569
 []|\T1/lmr/m/n/10 0.5626776|
 []


Overfull \hbox (0.84325pt too wide) in paragraph at lines 1569--1570
 \T1/lmr/m/n/10 2.1216552|
 []


Overfull \hbox (2.21996pt too wide) in paragraph at lines 1570--1570
[]|\T1/lmr/m/n/10 26_23_CeSt- 
 []


Overfull \hbox (4.65288pt too wide) in paragraph at lines 1570--1570
 []|\T1/lmr/m/n/10 112.85714|
 []


Overfull \hbox (3.46822pt too wide) in paragraph at lines 1570--1570
 []|\T1/lmr/m/n/10 80.63866|
 []


Overfull \hbox (0.84325pt too wide) in paragraph at lines 1570--1570
 []|\T1/lmr/m/n/10 32.218487|
 []


Overfull \hbox (4.65288pt too wide) in paragraph at lines 1571--1571
 []|\T1/lmr/m/n/10 0.3333333|
 []


Overfull \hbox (3.46822pt too wide) in paragraph at lines 1571--1571
 []|\T1/lmr/m/n/10 13.33364|
 []


Overfull \hbox (4.65288pt too wide) in paragraph at lines 1571--1571
 []|\T1/lmr/m/n/10 0.6648948|
 []


Overfull \hbox (0.84325pt too wide) in paragraph at lines 1571--1572
 []|\T1/lmr/m/n/10 2.3063300|
 []


Overfull \hbox (2.21996pt too wide) in paragraph at lines 1572--1572
[]|\T1/lmr/m/n/10 27_24_CeSt- 
 []


Overfull \hbox (3.46822pt too wide) in paragraph at lines 1572--1572
 []|\T1/lmr/m/n/10 80.63866|
 []


Overfull \hbox (4.65288pt too wide) in paragraph at lines 1573--1573
 []|\T1/lmr/m/n/10 0.3333333|
 []


Overfull \hbox (3.46822pt too wide) in paragraph at lines 1573--1573
 []|\T1/lmr/m/n/10 17.84455|
 []


Overfull \hbox (4.65288pt too wide) in paragraph at lines 1573--1573
 []|\T1/lmr/m/n/10 0.0042631|
 []


Overfull \hbox (0.84325pt too wide) in paragraph at lines 1573--1574
 \T1/lmr/m/n/10 0.1846748|
 []

[24] [25]

LaTeX Warning: Command \' invalid in math mode on input line 1645.

[26] [27]
<Chapter8_files/figure-latex/unnamed-chunk-43-1.pdf, id=286, 867.24pt x 578.16pt>
File: Chapter8_files/figure-latex/unnamed-chunk-43-1.pdf Graphic file (type pdf)
<use Chapter8_files/figure-latex/unnamed-chunk-43-1.pdf>
Package pdftex.def Info: Chapter8_files/figure-latex/unnamed-chunk-43-1.pdf  used on input line 1793.
(pdftex.def)             Requested size: 469.75827pt x 313.17216pt.
[28 <./Chapter8_files/figure-latex/unnamed-chunk-43-1.pdf>] [29]
<Chapter8_files/figure-latex/unnamed-chunk-46-1.pdf, id=306, 867.24pt x 578.16pt>
File: Chapter8_files/figure-latex/unnamed-chunk-46-1.pdf Graphic file (type pdf)
<use Chapter8_files/figure-latex/unnamed-chunk-46-1.pdf>
Package pdftex.def Info: Chapter8_files/figure-latex/unnamed-chunk-46-1.pdf  used on input line 1935.
(pdftex.def)             Requested size: 469.75827pt x 313.17216pt.
[30 <./Chapter8_files/figure-latex/unnamed-chunk-46-1.pdf>] [31] [32]
LaTeX Font Info:    Font shape `T1/lmtt/bx/n' in size <10> not available
(Font)              Font shape `T1/lmtt/b/n' tried instead on input line 2125.

Overfull \hbox (91.99335pt too wide) in paragraph at lines 2388--2388
[]\T1/lmtt/m/n/10 ## Kruskal-Wallis test for Eubacterium (Erysipelotrichaceae)::Eubacterium 21/248; p-value=0.372131642601125[] 
 []


Overfull \hbox (7.99359pt too wide) in paragraph at lines 2388--2388
[]\T1/lmtt/m/n/10 ## Kruskal-Wallis test for Adlercreutzia::Asaccharobacter 25/248; p-value=0.725073232872234[] 
 []


Overfull \hbox (23.74355pt too wide) in paragraph at lines 2388--2388
[]\T1/lmtt/m/n/10 ## Kruskal-Wallis test for Eubacterium (Erysipelotrichaceae) 28/248; p-value=0.899201554861072[] 
 []

[33]
Overfull \hbox (23.74355pt too wide) in paragraph at lines 2388--2388
[]\T1/lmtt/m/n/10 ## Kruskal-Wallis test for Clostridium (Erysipelotrichaceae) 93/248; p-value=0.716038214215504[] 
 []

[34]
Overfull \hbox (7.99359pt too wide) in paragraph at lines 2388--2388
[]\T1/lmtt/m/n/10 ## Kruskal-Wallis test for Asaccharobacter::Adlercreutzia 97/248; p-value=0.531948371210495[] 
 []


Overfull \hbox (149.74318pt too wide) in paragraph at lines 2388--2388
[]\T1/lmtt/m/n/10 ## Kruskal-Wallis test for Clostridium::Ruminococcus::Desulfotomaculum::Escherichia 100/248; p-value=0.227647113061301[] 
 []


Overfull \hbox (2.7436pt too wide) in paragraph at lines 2388--2388
[]\T1/lmtt/m/n/10 ## Kruskal-Wallis test for Parabacteroides::Bacteroides 109/248; p-value=0.531948371210495[] 
 []


Overfull \hbox (91.99335pt too wide) in paragraph at lines 2388--2388
[]\T1/lmtt/m/n/10 ## Kruskal-Wallis test for Adlercreutzia::Enterorhabdus::Asaccharobacter 128/248; p-value=0.531948371210495[] 
 []

[35]
Overfull \hbox (7.99359pt too wide) in paragraph at lines 2388--2388
[]\T1/lmtt/m/n/10 ## Kruskal-Wallis test for Alkalitalea::Sphingobacterium 157/248; p-value=0.227647113061301[] 
 []


Overfull \hbox (2.7436pt too wide) in paragraph at lines 2388--2388
[]\T1/lmtt/m/n/10 ## Kruskal-Wallis test for Lachnobacterium::Coprococcus 160/248; p-value=0.227647113061301[] 
 []


Overfull \hbox (34.24352pt too wide) in paragraph at lines 2388--2388
[]\T1/lmtt/m/n/10 ## Kruskal-Wallis test for Clostridium::Ruminococcus::Blautia 170/248; p-value=0.227647113061301[] 
 []


Overfull \hbox (60.49344pt too wide) in paragraph at lines 2388--2388
[]\T1/lmtt/m/n/10 ## Kruskal-Wallis test for Slackia::Asaccharobacter::Adlercreutzia 189/248; p-value=0.531948371210495[] 
 []


Overfull \hbox (60.49344pt too wide) in paragraph at lines 2388--2388
[]\T1/lmtt/m/n/10 ## Kruskal-Wallis test for Bacteroides::Lactobacillus::Lachnospira 192/248; p-value=0.531948371210495[] 
 []


Overfull \hbox (23.74355pt too wide) in paragraph at lines 2388--2388
[]\T1/lmtt/m/n/10 ## Kruskal-Wallis test for Clostridium (Erysipelotrichaceae)::Clostridium 202/248; p-value=NaN[] 
 []

[36]
Overfull \hbox (102.49332pt too wide) in paragraph at lines 2388--2388
[]\T1/lmtt/m/n/10 ## Kruskal-Wallis test for Eubacterium (Erysipelotrichaceae)::Paenibacillus::Eubacterium 214/248; p-value=NaN[] 
 []


Overfull \hbox (76.2434pt too wide) in paragraph at lines 2388--2388
[]\T1/lmtt/m/n/10 ## Kruskal-Wallis test for Ruminococcus::Escherichia::Parabacteroides 221/248; p-value=0.531948371210495[] 
 []


Overfull \hbox (7.99359pt too wide) in paragraph at lines 2388--2388
[]\T1/lmtt/m/n/10 ## Kruskal-Wallis test for Desulfotomaculum::Clostridium 231/248; p-value=0.227647113061301[] 
 []


Overfull \hbox (23.74355pt too wide) in paragraph at lines 2388--2388
[]\T1/lmtt/m/n/10 ## Kruskal-Wallis test for Butyrivibrio::Pseudobutyrivibrio 235/248; p-value=0.531948371210495[] 
 []


Overfull \hbox (55.24345pt too wide) in paragraph at lines 2388--2388
[]\T1/lmtt/m/n/10 ## Kruskal-Wallis test for Clostridium::Blautia::Desulfotomaculum 241/248; p-value=0.531948371210495[] 
 []

[37] [38] [39] [40] [41] [42] (./Chapter8.aux
LaTeX Info: Redefining \. on input line 22.
LaTeX Info: Redefining \% on input line 22.
)
Package rerunfilecheck Info: File `Chapter8.out' has not changed.
(rerunfilecheck)             Checksum: 4B68C655F571C605DAC9716C154ED21C;4471.
 ) 
Here is how much of TeX's memory you used:
 15884 strings out of 477017
 261901 string characters out of 5824518
 665352 words of memory out of 5000000
 36607 multiletter control sequences out of 15000+600000
 526678 words of font info for 79 fonts, out of 8000000 for 9000
 14 hyphenation exceptions out of 8191
 72i,11n,77p,620b,594s stack positions out of 10000i,1000n,20000p,200000b,200000s
{c:/Users/ANDRESARREDONDOCRUZ/AppData/Roaming/TinyTeX/texmf-dist/fonts/enc/dvips/lm/lm-ec.enc}{c:/Users/ANDRESARREDONDOCRUZ/AppData/Roaming/TinyTeX/texmf-dist/fonts/enc/dvips/lm/lm-mathsy.enc}{c:/Users/ANDRESARREDONDOCRUZ/AppData/Roaming/TinyTeX/texmf-dist/fonts/enc/dvips/lm/lm-mathit.enc}{c:/Users/ANDRESARREDONDOCRUZ/AppData/Roaming/TinyTeX/texmf-dist/fonts/enc/dvips/lm/lm-rm.enc}{c:/Users/ANDRESARREDONDOCRUZ/AppData/Roaming/TinyTeX/texmf-dist/fonts/enc/dvips/lm/lm-mathex.enc}<c:/Users/ANDRESARREDONDOCRUZ/AppData/Roaming/TinyTeX/texmf-dist/fonts/type1/public/lm/lmbx10.pfb><c:/Users/ANDRESARREDONDOCRUZ/AppData/Roaming/TinyTeX/texmf-dist/fonts/type1/public/lm/lmbx12.pfb><c:/Users/ANDRESARREDONDOCRUZ/AppData/Roaming/TinyTeX/texmf-dist/fonts/type1/public/lm/lmcsc10.pfb><c:/Users/ANDRESARREDONDOCRUZ/AppData/Roaming/TinyTeX/texmf-dist/fonts/type1/public/lm/lmex10.pfb><c:/Users/ANDRESARREDONDOCRUZ/AppData/Roaming/TinyTeX/texmf-dist/fonts/type1/public/lm/lmmi10.pfb><c:/Users/ANDRESARREDONDOCRUZ/AppData/Roaming/TinyTeX/texmf-dist/fonts/type1/public/lm/lmmi5.pfb><c:/Users/ANDRESARREDONDOCRUZ/AppData/Roaming/TinyTeX/texmf-dist/fonts/type1/public/lm/lmmi7.pfb><c:/Users/ANDRESARREDONDOCRUZ/AppData/Roaming/TinyTeX/texmf-dist/fonts/type1/public/lm/lmr10.pfb><c:/Users/ANDRESARREDONDOCRUZ/AppData/Roaming/TinyTeX/texmf-dist/fonts/type1/public/lm/lmr12.pfb><c:/Users/ANDRESARREDONDOCRUZ/AppData/Roaming/TinyTeX/texmf-dist/fonts/type1/public/lm/lmr17.pfb><c:/Users/ANDRESARREDONDOCRUZ/AppData/Roaming/TinyTeX/texmf-dist/fonts/type1/public/lm/lmr5.pfb><c:/Users/ANDRESARREDONDOCRUZ/AppData/Roaming/TinyTeX/texmf-dist/fonts/type1/public/lm/lmr7.pfb><c:/Users/ANDRESARREDONDOCRUZ/AppData/Roaming/TinyTeX/texmf-dist/fonts/type1/public/lm/lmri10.pfb><c:/Users/ANDRESARREDONDOCRUZ/AppData/Roaming/TinyTeX/texmf-dist/fonts/type1/public/lm/lmsy10.pfb><c:/Users/ANDRESARREDONDOCRUZ/AppData/Roaming/TinyTeX/texmf-dist/fonts/type1/public/lm/lmsy7.pfb><c:/Users/ANDRESARREDONDOCRUZ/AppData/Roaming/TinyTeX/texmf-dist/fonts/type1/public/lm/lmtk10.pfb><c:/Users/ANDRESARREDONDOCRUZ/AppData/Roaming/TinyTeX/texmf-dist/fonts/type1/public/lm/lmtt10.pfb><c:/Users/ANDRESARREDONDOCRUZ/AppData/Roaming/TinyTeX/texmf-dist/fonts/type1/public/lm/lmtti10.pfb>
Output written on Chapter8.pdf (42 pages, 476258 bytes).
PDF statistics:
 498 PDF objects out of 1000 (max. 8388607)
 395 compressed objects within 4 object streams
 109 named destinations out of 1000 (max. 500000)
 166 words of extra memory for PDF output out of 10000 (max. 10000000)

